#
# A fatal error has been detected by the Java Runtime Environment:
#
#  EXCEPTION_ACCESS_VIOLATION (0xc0000005) at pc=0x00007ff91174a1a5, pid=20344, tid=21408
#
# JRE version: Java(TM) SE Runtime Environment (9.0+11) (build 9.0.4+11)
# Java VM: Java HotSpot(TM) 64-Bit Server VM (9.0.4+11, mixed mode, tiered, compressed oops, g1 gc, windows-amd64)
# Problematic frame:
# C  [librdi_common.dll+0x17a1a5]
#
# No core dump will be written. Minidumps are not enabled by default on client versions of Windows
#
# If you would like to submit a bug report, please visit:
#   http://bugreport.java.com/bugreport/crash.jsp
# The crash happened outside the Java Virtual Machine in native code.
# See problematic frame for where to report the bug.
#

---------------  S U M M A R Y ------------

Command Line: -Dsun.java2d.pmoffscreen=false -Dsun.java2d.xrender=false -Dsun.java2d.d3d=false -Dsun.awt.nopixfmt=true -Dsun.java2d.dpiaware=true -Dsun.java2d.uiScale.enabled=false -Xverify:none -Dswing.aatext=true -XX:-UsePerfData -Djdk.map.althashing.threshold=512 -XX:StringTableSize=4072 --add-opens=java.base/java.nio=ALL-UNNAMED --add-opens=java.desktop/sun.swing=ALL-UNNAMED --add-opens=java.desktop/javax.swing=ALL-UNNAMED --add-opens=java.desktop/javax.swing.tree=ALL-UNNAMED --add-opens=java.desktop/javax.swing.plaf.basic=ALL-UNNAMED --add-opens=java.desktop/javax.swing.plaf.synth=ALL-UNNAMED --add-opens=java.desktop/com.sun.awt=ALL-UNNAMED -XX:NewSize=60m -XX:MaxNewSize=60m -Xms128m -Xmx3072m -Xss5m 

Host: Intel(R) Core(TM) i5-8250U CPU @ 1.60GHz, 8 cores, 7G,  Windows 10 , 64 bit Build 19041 (10.0.19041.928)
Time: Mon May 10 18:21:26 2021 ?D1¨²¡À¨º¡Á?¨º¡À?? elapsed time: 66968 seconds (0d 18h 36m 8s)

---------------  T H R E A D  ---------------

Current thread (0x0000022a26f79000):  JavaThread "AWT-EventQueue-1" [_thread_in_native, id=21408, stack(0x000000fce9700000,0x000000fce9c00000)]

Stack: [0x000000fce9700000,0x000000fce9c00000],  sp=0x000000fce9bfb040,  free space=5100k
Native frames: (J=compiled Java code, j=interpreted, Vv=VM code, C=native code)
C  [librdi_common.dll+0x17a1a5]
C  [librdi_common.dll+0x16ee15]
C  [librdi_common.dll+0x1386da]
C  [librdi_wavedata.dll+0x1e1eff]
C  [librdi_wavedata.dll+0x2621df]
C  [librdi_wavedata.dll+0x269e19]
C  [librdi_wavedata.dll+0x23a4cb]
C  [librdi_wavedata.dll+0x276de7]
C  0x0000022a1863453a

Java frames: (J=compiled Java code, j=interpreted, Vv=VM code)
J 18941  ui.views.waveform.waveformi.WVExecutive_getTooltipTextDelayed(J)Ljava/lang/String; (0 bytes) @ 0x0000022a186344a1 [0x0000022a18634460+0x0000000000000041]
J 24478 c2 ui.views.waveform.b.a.bG(Ljava/awt/event/MouseEvent;)V (135 bytes) @ 0x0000022a18be9e00 [0x0000022a18be9d00+0x0000000000000100]
J 22917 c2 ui.views.waveform.b.a.mouseMoved(Ljava/awt/event/MouseEvent;)V (32 bytes) @ 0x0000022a181c02b4 [0x0000022a181c01e0+0x00000000000000d4]
J 20279 c2 java.awt.AWTEventMulticaster.mouseMoved(Ljava/awt/event/MouseEvent;)V java.desktop@9.0.4 (27 bytes) @ 0x0000022a1882aa74 [0x0000022a1882a9c0+0x00000000000000b4]
J 20279 c2 java.awt.AWTEventMulticaster.mouseMoved(Ljava/awt/event/MouseEvent;)V java.desktop@9.0.4 (27 bytes) @ 0x0000022a1882aa34 [0x0000022a1882a9c0+0x0000000000000074]
J 29202 c2 ui.frmwork.c.i.processMouseMotionEvent(Ljava/awt/event/MouseEvent;)V (131 bytes) @ 0x0000022a18a8621c [0x0000022a18a85ec0+0x000000000000035c]
J 26720 c2 java.awt.Container.processEvent(Ljava/awt/AWTEvent;)V java.desktop@9.0.4 (22 bytes) @ 0x0000022a1920c7ac [0x0000022a1920c620+0x000000000000018c]
J 29096 c1 java.awt.Component.dispatchEventImpl(Ljava/awt/AWTEvent;)V java.desktop@9.0.4 (739 bytes) @ 0x0000022a129e20d4 [0x0000022a129de2c0+0x0000000000003e14]
J 28168 c2 java.awt.Container.dispatchEventImpl(Ljava/awt/AWTEvent;)V java.desktop@9.0.4 (129 bytes) @ 0x0000022a1826b160 [0x0000022a1826b100+0x0000000000000060]
J 25770 c2 java.awt.LightweightDispatcher.retargetMouseEvent(Ljava/awt/Component;ILjava/awt/event/MouseEvent;)V java.desktop@9.0.4 (350 bytes) @ 0x0000022a19036610 [0x0000022a19036040+0x00000000000005d0]
J 24511 c2 java.awt.LightweightDispatcher.processMouseEvent(Ljava/awt/event/MouseEvent;)Z java.desktop@9.0.4 (265 bytes) @ 0x0000022a1862a6ec [0x0000022a1862a160+0x000000000000058c]
J 27963 c2 java.awt.Window.dispatchEventImpl(Ljava/awt/AWTEvent;)V java.desktop@9.0.4 (23 bytes) @ 0x0000022a179a17e0 [0x0000022a179a1520+0x00000000000002c0]
J 11908 c2 java.awt.EventQueue$3.run()Ljava/lang/Object; java.desktop@9.0.4 (5 bytes) @ 0x0000022a17e9b4d4 [0x0000022a17e9b320+0x00000000000001b4]
v  ~StubRoutines::call_stub
J 3783  java.security.AccessController.doPrivileged(Ljava/security/PrivilegedAction;Ljava/security/AccessControlContext;)Ljava/lang/Object; java.base@9.0.4 (0 bytes) @ 0x0000022a177b28c6 [0x0000022a177b2860+0x0000000000000066]
J 18770 c2 java.awt.EventQueue$4.run()Ljava/lang/Object; java.desktop@9.0.4 (5 bytes) @ 0x0000022a185bf634 [0x0000022a185bf3e0+0x0000000000000254]
v  ~StubRoutines::call_stub
J 3783  java.security.AccessController.doPrivileged(Ljava/security/PrivilegedAction;Ljava/security/AccessControlContext;)Ljava/lang/Object; java.base@9.0.4 (0 bytes) @ 0x0000022a177b28c6 [0x0000022a177b2860+0x0000000000000066]
J 23392 c2 ui.frmwork.b.d.dispatchEvent(Ljava/awt/AWTEvent;)V (34 bytes) @ 0x0000022a18bb676c [0x0000022a18bb6080+0x00000000000006ec]
J 20874 c2 java.awt.EventDispatchThread.pumpOneEventForFilters(I)V java.desktop@9.0.4 (218 bytes) @ 0x0000022a1895ebb0 [0x0000022a1895e700+0x00000000000004b0]
J 21392% c2 java.awt.EventDispatchThread.pumpEventsForFilter(ILjava/awt/Conditional;Ljava/awt/EventFilter;)V java.desktop@9.0.4 (47 bytes) @ 0x0000022a17c668d8 [0x0000022a17c667c0+0x0000000000000118]
j  java.awt.EventDispatchThread.pumpEventsForHierarchy(ILjava/awt/Conditional;Ljava/awt/Component;)V+11 java.desktop@9.0.4
j  java.awt.EventDispatchThread.pumpEvents(ILjava/awt/Conditional;)V+4 java.desktop@9.0.4
j  java.awt.EventDispatchThread.pumpEvents(Ljava/awt/Conditional;)V+3 java.desktop@9.0.4
j  java.awt.EventDispatchThread.run()V+9 java.desktop@9.0.4
v  ~StubRoutines::call_stub

siginfo: EXCEPTION_ACCESS_VIOLATION (0xc0000005), reading address 0xffffffffffffffff


Register to memory mapping:

RIP=0x00007ff91174a1a5 librdi_common.dll
RAX=0x0000022a7a312001 is an unknown value
RBX=0x88078d0087eaa7dc is an unknown value
RCX=0x0000022a7a3120a0 is an unknown value
RDX=0x88078d0087eaa7dc is an unknown value
RSP=0x000000fce9bfb040 is pointing into the stack for thread: 0x0000022a26f79000
RBP=0x000000fce9bfb170 is pointing into the stack for thread: 0x0000022a26f79000
RSI=0x0000022a250d1800 is an unknown value
RDI=0x000000fce9bfb258 is pointing into the stack for thread: 0x0000022a26f79000
R8 =0x000000fce9bfb258 is pointing into the stack for thread: 0x0000022a26f79000
R9 =0x0000000000000000 is an unknown value
R10=0x0000022a257f04f8 is an unknown value
R11=0x0000022a6eff8d98 is an unknown value
R12=0x000000fce9bfb258 is pointing into the stack for thread: 0x0000022a26f79000
R13=0x0000000000000000 is an unknown value
R14=0x0000022a78840fe0 is an unknown value
R15=0x88078d0087eaa7dc is an unknown value


Registers:
RAX=0x0000022a7a312001, RBX=0x88078d0087eaa7dc, RCX=0x0000022a7a3120a0, RDX=0x88078d0087eaa7dc
RSP=0x000000fce9bfb040, RBP=0x000000fce9bfb170, RSI=0x0000022a250d1800, RDI=0x000000fce9bfb258
R8 =0x000000fce9bfb258, R9 =0x0000000000000000, R10=0x0000022a257f04f8, R11=0x0000022a6eff8d98
R12=0x000000fce9bfb258, R13=0x0000000000000000, R14=0x0000022a78840fe0, R15=0x88078d0087eaa7dc
RIP=0x00007ff91174a1a5, EFLAGS=0x0000000000010202

Top of Stack: (sp=0x000000fce9bfb040)
0x000000fce9bfb040:   000000fce9bfb3f0 00007ff961422f17
0x000000fce9bfb050:   000000fc00000000 88078d0087eaa7dc
0x000000fce9bfb060:   88078d0087eaa7dc 00007ff91173ee15
0x000000fce9bfb070:   00000004e31107d5 00007ff9614231af
0x000000fce9bfb080:   00008761885aef54 0000000000000000
0x000000fce9bfb090:   0000022a6b2562f0 0000022a6eff8d70
0x000000fce9bfb0a0:   0000000000000081 00007ff9117a8985
0x000000fce9bfb0b0:   0000022a2dc43560 0000022a6eff8d78
0x000000fce9bfb0c0:   0000022a6eff8db8 0000022a6eff8d70
0x000000fce9bfb0d0:   fffffffffffffffe 00007ff911d16a6d
0x000000fce9bfb0e0:   fffffffffffffffe 00007ff912403fe0
0x000000fce9bfb0f0:   0000022a6eff8d70 0000022a7888f188
0x000000fce9bfb100:   000000fce9bfb258 00007ff9117a7c76
0x000000fce9bfb110:   0000022a6eff8d70 000000fce9bfb258
0x000000fce9bfb120:   0000022a00000081 0000000000000000
0x000000fce9bfb130:   fffffffffffffffe 000000000000000f 

Instructions: (pc=0x00007ff91174a1a5)
0x00007ff91174a185:   20 48 8b d9 e8 22 c4 04 00 48 8b c8 48 8b d3 e8
0x00007ff91174a195:   27 0d 05 00 84 c0 75 08 33 c0 48 83 c4 20 5b c3
0x00007ff91174a1a5:   48 8b 4b 50 48 85 c9 74 0a 48 83 c4 20 5b e9 68
0x00007ff91174a1b5:   e2 04 00 48 8b d3 48 8d 0d 26 fc 73 00 e8 59 b7 



---------------  P R O C E S S  ---------------

Java Threads: ( => current thread )
  0x0000022a5c673800 JavaThread "Relaunch Simulation" [_thread_blocked, id=28244, stack(0x000000fcedb00000,0x000000fcee000000)]
  0x0000022a5c672800 JavaThread "Swing-Shell" daemon [_thread_blocked, id=15336, stack(0x000000fced600000,0x000000fcedb00000)]
  0x0000022a08a09800 JavaThread "Thread-25562" [_thread_in_native, id=27656, stack(0x000000fceac00000,0x000000fcead00000)]
  0x0000022a25103800 JavaThread "Thread-22134" [_thread_in_native, id=25724, stack(0x000000fce1e00000,0x000000fce1f00000)]
  0x0000022a25102800 JavaThread "Thread-20295" [_thread_in_native, id=27428, stack(0x000000fce1e00000,0x000000fce1f00000)]
  0x0000022a250fa000 JavaThread "Thread-16387" [_thread_in_native, id=22700, stack(0x000000fceb100000,0x000000fceb200000)]
  0x0000022a250fd000 JavaThread "Thread-16386" [_thread_in_native, id=21560, stack(0x000000fceab00000,0x000000fceac00000)]
  0x0000022a25102000 JavaThread "SyntheticaAnimation 50" daemon [_thread_blocked, id=13252, stack(0x000000fced100000,0x000000fced600000)]
  0x0000022a250fb000 JavaThread "Thread-8885" [_thread_in_native, id=6068, stack(0x000000fceae00000,0x000000fceaf00000)]
  0x0000022a250fe000 JavaThread "Thread-8880" [_thread_in_native, id=12828, stack(0x000000fceab00000,0x000000fceac00000)]
  0x0000022a25101000 JavaThread "Thread-4720" [_thread_in_native, id=11592, stack(0x000000fced600000,0x000000fced700000)]
  0x0000022a25100800 JavaThread "Thread-4719" [_thread_in_native, id=13264, stack(0x000000fceab00000,0x000000fceac00000)]
  0x0000022a250f6800 JavaThread "Image Animator 0" daemon [_thread_blocked, id=22692, stack(0x000000fcee200000,0x000000fcee700000)]
  0x0000022a250f9800 JavaThread "SyntheticaAnimation 50" daemon [_thread_blocked, id=30092, stack(0x000000fcea600000,0x000000fceab00000)]
  0x0000022a250f7000 JavaThread "Update Runs Swing Worker" [_thread_blocked, id=19220, stack(0x000000fcecc00000,0x000000fced100000)]
  0x0000022a08a08800 JavaThread "hw_ila_monitor" [_thread_blocked, id=25140, stack(0x000000fce8800000,0x000000fce8d00000)]
  0x0000022a08a08000 JavaThread "Refresh Filesets Swing Worker" [_thread_blocked, id=20404, stack(0x000000fce9c00000,0x000000fcea100000)]
  0x0000022a08a07000 JavaThread "SyntheticaAnimation 70" daemon [_thread_blocked, id=12388, stack(0x000000fcec200000,0x000000fcec700000)]
  0x0000022a08a03800 JavaThread "SyntheticaAnimation 25" daemon [_thread_blocked, id=9604, stack(0x000000fceb800000,0x000000fcebd00000)]
  0x0000022a08a06800 JavaThread "SyntheticaAnimation 50" daemon [_thread_blocked, id=20456, stack(0x000000fceb300000,0x000000fceb800000)]
  0x0000022a08a0a000 JavaThread "SyntheticaCleanerThread" daemon [_thread_blocked, id=15992, stack(0x000000fcea100000,0x000000fcea600000)]
  0x0000022a2529e800 JavaThread "Batik CleanerThread" daemon [_thread_blocked, id=6492, stack(0x000000fce7900000,0x000000fce7e00000)]
=>0x0000022a26f79000 JavaThread "AWT-EventQueue-1" [_thread_in_native, id=21408, stack(0x000000fce9700000,0x000000fce9c00000)]
  0x0000022a2506b000 JavaThread "AWT-Shutdown" [_thread_blocked, id=3104, stack(0x000000fce9200000,0x000000fce9700000)]
  0x0000022a25236000 JavaThread "Process Messages" [_thread_blocked, id=6948, stack(0x000000fce8d00000,0x000000fce9200000)]
  0x0000022a2530b800 JavaThread "Thread-1" [_thread_in_native, id=28700, stack(0x000000fce2000000,0x000000fce3400000)]
  0x0000022a02e6c000 JavaThread "TimerQueue" daemon [_thread_blocked, id=2932, stack(0x000000fce8300000,0x000000fce8800000)]
  0x0000022a02e56000 JavaThread "AWT-Windows" daemon [_thread_in_native, id=17856, stack(0x000000fce7e00000,0x000000fce8300000)]
  0x0000022a251c9800 JavaThread "Java2D Disposer" daemon [_thread_blocked, id=29904, stack(0x000000fce7400000,0x000000fce7900000)]
  0x0000022a02b5e800 JavaThread "Service Thread" daemon [_thread_blocked, id=14204, stack(0x000000fce6e00000,0x000000fce7300000)]
  0x0000022a011f6800 JavaThread "Common-Cleaner" daemon [_thread_blocked, id=14924, stack(0x000000fce6900000,0x000000fce6e00000)]
  0x0000022a08a05800 JavaThread "Sweeper thread" daemon [_thread_blocked, id=16716, stack(0x000000fce6400000,0x000000fce6900000)]
  0x0000022a01c4c000 JavaThread "C1 CompilerThread3" daemon [_thread_blocked, id=14076, stack(0x000000fce6300000,0x000000fce6400000)]
  0x0000022a01c4b800 JavaThread "C2 CompilerThread2" daemon [_thread_blocked, id=16356, stack(0x000000fce6200000,0x000000fce6300000)]
  0x0000022a7df0c000 JavaThread "C2 CompilerThread1" daemon [_thread_blocked, id=30212, stack(0x000000fce6100000,0x000000fce6200000)]
  0x0000022a7df0b000 JavaThread "C2 CompilerThread0" daemon [_thread_blocked, id=27016, stack(0x000000fce6000000,0x000000fce6100000)]
  0x0000022a7a8bc800 JavaThread "Attach Listener" daemon [_thread_blocked, id=20464, stack(0x000000fce5b00000,0x000000fce6000000)]
  0x0000022a02964800 JavaThread "Signal Dispatcher" daemon [_thread_blocked, id=28544, stack(0x000000fce5600000,0x000000fce5b00000)]
  0x0000022a7cf39800 JavaThread "Finalizer" daemon [_thread_blocked, id=6088, stack(0x000000fce5100000,0x000000fce5600000)]
  0x0000022a08bc3000 JavaThread "Reference Handler" daemon [_thread_blocked, id=28004, stack(0x000000fce4c00000,0x000000fce5100000)]
  0x0000022a084c0000 JavaThread "main" [_thread_blocked, id=24920, stack(0x000000fce1f00000,0x000000fce2000000)]

Other Threads:
  0x0000022a08a17800 VMThread "VM Thread" [stack: 0x000000fce4b00000,0x000000fce4c00000] [id=17224]
  0x0000022a02c19800 WatcherThread [stack: 0x000000fce7300000,0x000000fce7400000] [id=22656]
  0x0000022a01313800 GCTaskThread "GC Thread#0" [stack: 0x000000fce3700000,0x000000fce3800000] [id=12716]
  0x0000022a0871d000 GCTaskThread "GC Thread#1" [stack: 0x000000fce3800000,0x000000fce3900000] [id=29652]
  0x0000022a0871d800 GCTaskThread "GC Thread#2" [stack: 0x000000fce3900000,0x000000fce3a00000] [id=6828]
  0x0000022a08716800 GCTaskThread "GC Thread#3" [stack: 0x000000fce3a00000,0x000000fce3b00000] [id=28848]
  0x0000022a08717000 GCTaskThread "GC Thread#4" [stack: 0x000000fce3b00000,0x000000fce3c00000] [id=1904]
  0x0000022a08719000 GCTaskThread "GC Thread#5" [stack: 0x000000fce3c00000,0x000000fce3d00000] [id=1116]
  0x0000022a08718000 GCTaskThread "GC Thread#6" [stack: 0x000000fce3d00000,0x000000fce3e00000] [id=26752]
  0x0000022a0871b800 GCTaskThread "GC Thread#7" [stack: 0x000000fce3e00000,0x000000fce3f00000] [id=20708]
  0x0000022a028c6000 ConcurrentGCThread "G1 Main Marker" [stack: 0x000000fce4800000,0x000000fce4900000] [id=27056]
  0x0000022a08718800 ConcurrentGCThread "G1 Marker#0" [stack: 0x000000fce4900000,0x000000fce4a00000] [id=27344]
  0x0000022a08719800 ConcurrentGCThread "G1 Marker#1" [stack: 0x000000fce4a00000,0x000000fce4b00000] [id=14744]
  0x0000022a01c48000 ConcurrentGCThread "G1 Refine#0" [stack: 0x000000fce4600000,0x000000fce4700000] [id=21996]
  0x0000022a088cc000 ConcurrentGCThread "G1 Refine#1" [stack: 0x000000fce4500000,0x000000fce4600000] [id=28656]
  0x0000022a08773800 ConcurrentGCThread "G1 Refine#2" [stack: 0x000000fce4400000,0x000000fce4500000] [id=3048]
  0x0000022a08773000 ConcurrentGCThread "G1 Refine#3" [stack: 0x000000fce4300000,0x000000fce4400000] [id=23320]
  0x0000022a0878d000 ConcurrentGCThread "G1 Refine#4" [stack: 0x000000fce4200000,0x000000fce4300000] [id=21988]
  0x0000022a08737000 ConcurrentGCThread "G1 Refine#5" [stack: 0x000000fce4100000,0x000000fce4200000] [id=23808]
  0x0000022a7a785800 ConcurrentGCThread "G1 Refine#6" [stack: 0x000000fce4000000,0x000000fce4100000] [id=16944]
  0x0000022a08c3d800 ConcurrentGCThread "G1 Refine#7" [stack: 0x000000fce3f00000,0x000000fce4000000] [id=27296]
  0x0000022a089eb800 ConcurrentGCThread "G1 Young RemSet Sampling" [stack: 0x000000fce4700000,0x000000fce4800000] [id=17232]

Threads with active compile tasks:

VM state:not at safepoint (normal execution)

VM Mutex/Monitor currently owned by a thread: None

Heap address: 0x0000000700000000, size: 3072 MB, Compressed Oops mode: Zero based, Oop shift amount: 3
Narrow klass base: 0x0000000000000000, Narrow klass shift: 3
Compressed class space size: 1073741824 Address: 0x00000007c0000000

Heap:
 garbage-first heap   total 210944K, used 140081K [0x0000000700000000, 0x0000000700100670, 0x00000007c0000000)
  region size 1024K, 41 young (41984K), 0 survivors (0K)
 Metaspace       used 94144K, capacity 96207K, committed 103428K, reserved 1138688K
  class space    used 12583K, capacity 13056K, committed 14620K, reserved 1048576K
Heap Regions: E=young(eden), S=young(survivor), O=old, HS=humongous(starts), HC=humongous(continues), CS=collection set, F=free, A=archive, TS=gc time stamp, AC=allocation context, TAMS=top-at-mark-start (previous, next)
|   0|0x0000000700000000, 0x00000007000fbfb0, 0x0000000700100000| 98%| O|  |TS  0|AC  0|TAMS 0x0000000700000000, 0x0000000700000000|
|   1|0x0000000700100000, 0x0000000700200000, 0x0000000700200000|100%|HS|  |TS  0|AC  0|TAMS 0x0000000700100000, 0x0000000700100000|
|   2|0x0000000700200000, 0x0000000700300000, 0x0000000700300000|100%|HC|  |TS  0|AC  0|TAMS 0x0000000700200000, 0x0000000700200000|
|   3|0x0000000700300000, 0x0000000700400000, 0x0000000700400000|100%|HS|  |TS  0|AC  0|TAMS 0x0000000700300000, 0x0000000700300000|
|   4|0x0000000700400000, 0x00000007004fc240, 0x0000000700500000| 98%| O|  |TS  0|AC  0|TAMS 0x0000000700400000, 0x0000000700400000|
|   5|0x0000000700500000, 0x0000000700600000, 0x0000000700600000|100%| O|  |TS  0|AC  0|TAMS 0x0000000700500000, 0x0000000700500000|
|   6|0x0000000700600000, 0x0000000700700000, 0x0000000700700000|100%| O|  |TS  0|AC  0|TAMS 0x0000000700600000, 0x0000000700600000|
|   7|0x0000000700700000, 0x00000007007ffff0, 0x0000000700800000| 99%| O|  |TS  0|AC  0|TAMS 0x0000000700700000, 0x0000000700700000|
|   8|0x0000000700800000, 0x00000007008fffe8, 0x0000000700900000| 99%| O|  |TS  0|AC  0|TAMS 0x0000000700800000, 0x0000000700800000|
|   9|0x0000000700900000, 0x00000007009fffa0, 0x0000000700a00000| 99%| O|  |TS  0|AC  0|TAMS 0x0000000700900000, 0x0000000700900000|
|  10|0x0000000700a00000, 0x0000000700afd410, 0x0000000700b00000| 98%| O|  |TS  0|AC  0|TAMS 0x0000000700a00000, 0x0000000700a00000|
|  11|0x0000000700b00000, 0x0000000700bfa828, 0x0000000700c00000| 97%| O|  |TS  0|AC  0|TAMS 0x0000000700b00000, 0x0000000700b00000|
|  12|0x0000000700c00000, 0x0000000700cfc5a8, 0x0000000700d00000| 98%| O|  |TS  0|AC  0|TAMS 0x0000000700c00000, 0x0000000700c00000|
|  13|0x0000000700d00000, 0x0000000700dfada0, 0x0000000700e00000| 97%| O|  |TS  0|AC  0|TAMS 0x0000000700d00000, 0x0000000700d00000|
|  14|0x0000000700e00000, 0x0000000700eea858, 0x0000000700f00000| 91%| O|  |TS  0|AC  0|TAMS 0x0000000700e00000, 0x0000000700e00000|
|  15|0x0000000700f00000, 0x0000000700fe42e0, 0x0000000701000000| 89%| O|  |TS  0|AC  0|TAMS 0x0000000700f00000, 0x0000000700f00000|
|  16|0x0000000701000000, 0x00000007010ffed8, 0x0000000701100000| 99%| O|  |TS  0|AC  0|TAMS 0x0000000701000000, 0x0000000701000000|
|  17|0x0000000701100000, 0x00000007011fffe0, 0x0000000701200000| 99%| O|  |TS  0|AC  0|TAMS 0x0000000701100000, 0x0000000701100000|
|  18|0x0000000701200000, 0x00000007012fffe8, 0x0000000701300000| 99%| O|  |TS  0|AC  0|TAMS 0x0000000701200000, 0x0000000701200000|
|  19|0x0000000701300000, 0x00000007013fffb8, 0x0000000701400000| 99%| O|  |TS  0|AC  0|TAMS 0x0000000701300000, 0x0000000701300000|
|  20|0x0000000701400000, 0x0000000701500000, 0x0000000701500000|100%|HS|  |TS  0|AC  0|TAMS 0x0000000701400000, 0x0000000701400000|
|  21|0x0000000701500000, 0x0000000701600000, 0x0000000701600000|100%| O|  |TS  0|AC  0|TAMS 0x0000000701500000, 0x0000000701500000|
|  22|0x0000000701600000, 0x00000007016ffff0, 0x0000000701700000| 99%| O|  |TS  0|AC  0|TAMS 0x0000000701600000, 0x0000000701600000|
|  23|0x0000000701700000, 0x00000007017fffe0, 0x0000000701800000| 99%| O|  |TS  0|AC  0|TAMS 0x0000000701700000, 0x0000000701700000|
|  24|0x0000000701800000, 0x00000007018fff08, 0x0000000701900000| 99%| O|  |TS  0|AC  0|TAMS 0x0000000701800000, 0x0000000701800000|
|  25|0x0000000701900000, 0x00000007019ffff8, 0x0000000701a00000| 99%| O|  |TS  0|AC  0|TAMS 0x0000000701900000, 0x0000000701900000|
|  26|0x0000000701a00000, 0x0000000701b00000, 0x0000000701b00000|100%| O|  |TS  0|AC  0|TAMS 0x0000000701a00000, 0x0000000701a00000|
|  27|0x0000000701b00000, 0x0000000701bffcd8, 0x0000000701c00000| 99%| O|  |TS  0|AC  0|TAMS 0x0000000701b00000, 0x0000000701b00000|
|  28|0x0000000701c00000, 0x0000000701cffff0, 0x0000000701d00000| 99%| O|  |TS  0|AC  0|TAMS 0x0000000701c00000, 0x0000000701c00000|
|  29|0x0000000701d00000, 0x0000000701dfff18, 0x0000000701e00000| 99%| O|  |TS  0|AC  0|TAMS 0x0000000701d00000, 0x0000000701d00000|
|  30|0x0000000701e00000, 0x0000000701efffe8, 0x0000000701f00000| 99%| O|  |TS  0|AC  0|TAMS 0x0000000701e00000, 0x0000000701e00000|
|  31|0x0000000701f00000, 0x0000000701ffffc8, 0x0000000702000000| 99%| O|  |TS  0|AC  0|TAMS 0x0000000701f00000, 0x0000000701f00000|
|  32|0x0000000702000000, 0x00000007020ffe60, 0x0000000702100000| 99%| O|  |TS  0|AC  0|TAMS 0x0000000702000000, 0x0000000702000000|
|  33|0x0000000702100000, 0x0000000702200000, 0x0000000702200000|100%| O|  |TS  0|AC  0|TAMS 0x0000000702100000, 0x0000000702100000|
|  34|0x0000000702200000, 0x0000000702300000, 0x0000000702300000|100%| O|  |TS  0|AC  0|TAMS 0x0000000702200000, 0x0000000702200000|
|  35|0x0000000702300000, 0x0000000702400000, 0x0000000702400000|100%| O|  |TS  0|AC  0|TAMS 0x0000000702300000, 0x0000000702300000|
|  36|0x0000000702400000, 0x00000007024ffa80, 0x0000000702500000| 99%| O|  |TS  0|AC  0|TAMS 0x0000000702400000, 0x0000000702400000|
|  37|0x0000000702500000, 0x00000007025ff070, 0x0000000702600000| 99%| O|  |TS  0|AC  0|TAMS 0x0000000702500000, 0x0000000702500000|
|  38|0x0000000702600000, 0x00000007026fcc40, 0x0000000702700000| 98%| O|  |TS  0|AC  0|TAMS 0x0000000702600000, 0x0000000702600000|
|  39|0x0000000702700000, 0x00000007027fffe8, 0x0000000702800000| 99%| O|  |TS  0|AC  0|TAMS 0x0000000702700000, 0x0000000702700000|
|  40|0x0000000702800000, 0x00000007028ffd10, 0x0000000702900000| 99%| O|  |TS  0|AC  0|TAMS 0x0000000702800000, 0x0000000702800000|
|  41|0x0000000702900000, 0x0000000702a00000, 0x0000000702a00000|100%| O|  |TS  0|AC  0|TAMS 0x0000000702900000, 0x0000000702900000|
|  42|0x0000000702a00000, 0x0000000702afffe8, 0x0000000702b00000| 99%| O|  |TS  0|AC  0|TAMS 0x0000000702a00000, 0x0000000702a00000|
|  43|0x0000000702b00000, 0x0000000702c00000, 0x0000000702c00000|100%| O|  |TS  0|AC  0|TAMS 0x0000000702b00000, 0x0000000702b00000|
|  44|0x0000000702c00000, 0x0000000702cfffb8, 0x0000000702d00000| 99%| O|  |TS  0|AC  0|TAMS 0x0000000702c00000, 0x0000000702c00000|
|  45|0x0000000702d00000, 0x0000000702e00000, 0x0000000702e00000|100%|HS|  |TS  0|AC  0|TAMS 0x0000000702d00000, 0x0000000702d00000|
|  46|0x0000000702e00000, 0x0000000702f00000, 0x0000000702f00000|100%|HC|  |TS  0|AC  0|TAMS 0x0000000702e00000, 0x0000000702e00000|
|  47|0x0000000702f00000, 0x0000000703000000, 0x0000000703000000|100%|HC|  |TS  0|AC  0|TAMS 0x0000000702f00000, 0x0000000702f00000|
|  48|0x0000000703000000, 0x0000000703100000, 0x0000000703100000|100%|HC|  |TS  0|AC  0|TAMS 0x0000000703000000, 0x0000000703000000|
|  49|0x0000000703100000, 0x0000000703200000, 0x0000000703200000|100%|HC|  |TS  0|AC  0|TAMS 0x0000000703100000, 0x0000000703100000|
|  50|0x0000000703200000, 0x0000000703300000, 0x0000000703300000|100%|HC|  |TS  0|AC  0|TAMS 0x0000000703200000, 0x0000000703200000|
|  51|0x0000000703300000, 0x0000000703400000, 0x0000000703400000|100%|HC|  |TS  0|AC  0|TAMS 0x0000000703300000, 0x0000000703300000|
|  52|0x0000000703400000, 0x0000000703500000, 0x0000000703500000|100%|HC|  |TS  0|AC  0|TAMS 0x0000000703400000, 0x0000000703400000|
|  53|0x0000000703500000, 0x0000000703600000, 0x0000000703600000|100%| O|  |TS  0|AC  0|TAMS 0x0000000703500000, 0x0000000703500000|
|  54|0x0000000703600000, 0x00000007036ffff0, 0x0000000703700000| 99%| O|  |TS  0|AC  0|TAMS 0x0000000703600000, 0x0000000703600000|
|  55|0x0000000703700000, 0x00000007037f5ab0, 0x0000000703800000| 95%| O|  |TS  0|AC  0|TAMS 0x0000000703700000, 0x0000000703700000|
|  56|0x0000000703800000, 0x00000007038fffe8, 0x0000000703900000| 99%| O|  |TS  0|AC  0|TAMS 0x0000000703800000, 0x0000000703800000|
|  57|0x0000000703900000, 0x0000000703a00000, 0x0000000703a00000|100%| O|  |TS  0|AC  0|TAMS 0x0000000703900000, 0x0000000703900000|
|  58|0x0000000703a00000, 0x0000000703affff8, 0x0000000703b00000| 99%| O|  |TS  0|AC  0|TAMS 0x0000000703a00000, 0x0000000703a00000|
|  59|0x0000000703b00000, 0x0000000703c00000, 0x0000000703c00000|100%| O|  |TS  0|AC  0|TAMS 0x0000000703b00000, 0x0000000703b00000|
|  60|0x0000000703c00000, 0x0000000703cffff0, 0x0000000703d00000| 99%| O|  |TS  0|AC  0|TAMS 0x0000000703c00000, 0x0000000703c00000|
|  61|0x0000000703d00000, 0x0000000703dffff0, 0x0000000703e00000| 99%| O|  |TS  0|AC  0|TAMS 0x0000000703d00000, 0x0000000703d00000|
|  62|0x0000000703e00000, 0x0000000703efffe8, 0x0000000703f00000| 99%| O|  |TS  0|AC  0|TAMS 0x0000000703e00000, 0x0000000703e00000|
|  63|0x0000000703f00000, 0x0000000703ffff90, 0x0000000704000000| 99%| O|  |TS  0|AC  0|TAMS 0x0000000703f00000, 0x0000000703f00000|
|  64|0x0000000704000000, 0x0000000704100000, 0x0000000704100000|100%| O|  |TS  0|AC  0|TAMS 0x0000000704000000, 0x0000000704000000|
|  65|0x0000000704100000, 0x00000007041ffff8, 0x0000000704200000| 99%| O|  |TS  0|AC  0|TAMS 0x0000000704100000, 0x0000000704100000|
|  66|0x0000000704200000, 0x00000007042ffff0, 0x0000000704300000| 99%| O|  |TS  0|AC  0|TAMS 0x0000000704200000, 0x0000000704200000|
|  67|0x0000000704300000, 0x00000007043ffff8, 0x0000000704400000| 99%| O|  |TS  0|AC  0|TAMS 0x0000000704300000, 0x0000000704300000|
|  68|0x0000000704400000, 0x00000007044ffff8, 0x0000000704500000| 99%| O|  |TS  0|AC  0|TAMS 0x0000000704400000, 0x0000000704400000|
|  69|0x0000000704500000, 0x00000007045ffff0, 0x0000000704600000| 99%| O|  |TS  0|AC  0|TAMS 0x0000000704500000, 0x0000000704500000|
|  70|0x0000000704600000, 0x00000007046ffff8, 0x0000000704700000| 99%| O|  |TS  0|AC  0|TAMS 0x0000000704600000, 0x0000000704600000|
|  71|0x0000000704700000, 0x00000007047ffff8, 0x0000000704800000| 99%| O|  |TS  0|AC  0|TAMS 0x0000000704700000, 0x0000000704700000|
|  72|0x0000000704800000, 0x0000000704900000, 0x0000000704900000|100%| O|  |TS  0|AC  0|TAMS 0x0000000704800000, 0x0000000704800000|
|  73|0x0000000704900000, 0x00000007049ffff0, 0x0000000704a00000| 99%| O|  |TS  0|AC  0|TAMS 0x0000000704900000, 0x0000000704900000|
|  74|0x0000000704a00000, 0x0000000704b00000, 0x0000000704b00000|100%| O|  |TS  0|AC  0|TAMS 0x0000000704a00000, 0x0000000704a00000|
|  75|0x0000000704b00000, 0x0000000704bffff0, 0x0000000704c00000| 99%| O|  |TS  0|AC  0|TAMS 0x0000000704b00000, 0x0000000704b00000|
|  76|0x0000000704c00000, 0x0000000704cffff0, 0x0000000704d00000| 99%| O|  |TS  0|AC  0|TAMS 0x0000000704c00000, 0x0000000704c00000|
|  77|0x0000000704d00000, 0x0000000704e00000, 0x0000000704e00000|100%| O|  |TS  0|AC  0|TAMS 0x0000000704d00000, 0x0000000704d00000|
|  78|0x0000000704e00000, 0x0000000704f00000, 0x0000000704f00000|100%| O|  |TS  0|AC  0|TAMS 0x0000000704e00000, 0x0000000704e00000|
|  79|0x0000000704f00000, 0x0000000705000000, 0x0000000705000000|100%| O|  |TS  0|AC  0|TAMS 0x0000000704f00000, 0x0000000704f00000|
|  80|0x0000000705000000, 0x00000007050fffe8, 0x0000000705100000| 99%| O|  |TS  0|AC  0|TAMS 0x0000000705000000, 0x0000000705000000|
|  81|0x0000000705100000, 0x00000007051ffff0, 0x0000000705200000| 99%| O|  |TS  0|AC  0|TAMS 0x0000000705100000, 0x0000000705100000|
|  82|0x0000000705200000, 0x00000007052ffff0, 0x0000000705300000| 99%| O|  |TS  0|AC  0|TAMS 0x0000000705200000, 0x0000000705200000|
|  83|0x0000000705300000, 0x00000007053fff60, 0x0000000705400000| 99%| O|  |TS  0|AC  0|TAMS 0x0000000705300000, 0x0000000705300000|
|  84|0x0000000705400000, 0x00000007054fffe8, 0x0000000705500000| 99%| O|  |TS  0|AC  0|TAMS 0x0000000705400000, 0x0000000705400000|
|  85|0x0000000705500000, 0x00000007055ffff8, 0x0000000705600000| 99%| O|  |TS  0|AC  0|TAMS 0x0000000705500000, 0x0000000705500000|
|  86|0x0000000705600000, 0x0000000705626638, 0x0000000705700000| 14%| O|  |TS  0|AC  0|TAMS 0x0000000705600000, 0x0000000705600000|
|  87|0x0000000705700000, 0x0000000705800000, 0x0000000705800000|100%|HS|  |TS  0|AC  0|TAMS 0x0000000705700000, 0x0000000705700000|
|  88|0x0000000705800000, 0x0000000705900000, 0x0000000705900000|100%|HC|  |TS  0|AC  0|TAMS 0x0000000705800000, 0x0000000705800000|
|  89|0x0000000705900000, 0x0000000705a00000, 0x0000000705a00000|100%|HC|  |TS  0|AC  0|TAMS 0x0000000705900000, 0x0000000705900000|
|  90|0x0000000705a00000, 0x0000000705b00000, 0x0000000705b00000|100%|HC|  |TS  0|AC  0|TAMS 0x0000000705a00000, 0x0000000705a00000|
|  91|0x0000000705b00000, 0x0000000705b00000, 0x0000000705c00000|  0%| F|  |TS  0|AC  0|TAMS 0x0000000705b00000, 0x0000000705b00000|
|  92|0x0000000705c00000, 0x0000000705d00000, 0x0000000705d00000|100%|HS|  |TS  0|AC  0|TAMS 0x0000000705c00000, 0x0000000705c00000|
|  93|0x0000000705d00000, 0x0000000705d00000, 0x0000000705e00000|  0%| F|  |TS  0|AC  0|TAMS 0x0000000705d00000, 0x0000000705d00000|
|  94|0x0000000705e00000, 0x0000000705e00000, 0x0000000705f00000|  0%| F|  |TS  0|AC  0|TAMS 0x0000000705e00000, 0x0000000705e00000|
|  95|0x0000000705f00000, 0x0000000705f00000, 0x0000000706000000|  0%| F|  |TS  0|AC  0|TAMS 0x0000000705f00000, 0x0000000705f00000|
|  96|0x0000000706000000, 0x0000000706000000, 0x0000000706100000|  0%| F|  |TS  0|AC  0|TAMS 0x0000000706000000, 0x0000000706000000|
|  97|0x0000000706100000, 0x0000000706100000, 0x0000000706200000|  0%| F|  |TS  0|AC  0|TAMS 0x0000000706100000, 0x0000000706100000|
|  98|0x0000000706200000, 0x0000000706200000, 0x0000000706300000|  0%| F|  |TS  0|AC  0|TAMS 0x0000000706200000, 0x0000000706200000|
|  99|0x0000000706300000, 0x0000000706400000, 0x0000000706400000|100%|HS|  |TS  0|AC  0|TAMS 0x0000000706300000, 0x0000000706300000|
| 100|0x0000000706400000, 0x0000000706400000, 0x0000000706500000|  0%| F|  |TS  0|AC  0|TAMS 0x0000000706400000, 0x0000000706400000|
| 101|0x0000000706500000, 0x0000000706500000, 0x0000000706600000|  0%| F|  |TS  0|AC  0|TAMS 0x0000000706500000, 0x0000000706500000|
| 102|0x0000000706600000, 0x0000000706600000, 0x0000000706700000|  0%| F|  |TS  0|AC  0|TAMS 0x0000000706600000, 0x0000000706600000|
| 103|0x0000000706700000, 0x0000000706800000, 0x0000000706800000|100%|HS|  |TS  0|AC  0|TAMS 0x0000000706700000, 0x0000000706700000|
| 104|0x0000000706800000, 0x0000000706800000, 0x0000000706900000|  0%| F|  |TS  0|AC  0|TAMS 0x0000000706800000, 0x0000000706800000|
| 105|0x0000000706900000, 0x0000000706a00000, 0x0000000706a00000|100%|HS|  |TS  0|AC  0|TAMS 0x0000000706900000, 0x0000000706900000|
| 106|0x0000000706a00000, 0x0000000706b00000, 0x0000000706b00000|100%|HS|  |TS  0|AC  0|TAMS 0x0000000706a00000, 0x0000000706a00000|
| 107|0x0000000706b00000, 0x0000000706b00000, 0x0000000706c00000|  0%| F|  |TS  0|AC  0|TAMS 0x0000000706b00000, 0x0000000706b00000|
| 108|0x0000000706c00000, 0x0000000706c00000, 0x0000000706d00000|  0%| F|  |TS  0|AC  0|TAMS 0x0000000706c00000, 0x0000000706c00000|
| 109|0x0000000706d00000, 0x0000000706d00000, 0x0000000706e00000|  0%| F|  |TS  0|AC  0|TAMS 0x0000000706d00000, 0x0000000706d00000|
| 110|0x0000000706e00000, 0x0000000706f00000, 0x0000000706f00000|100%|HS|  |TS  0|AC  0|TAMS 0x0000000706e00000, 0x0000000706e00000|
| 111|0x0000000706f00000, 0x0000000706f00000, 0x0000000707000000|  0%| F|  |TS  0|AC  0|TAMS 0x0000000706f00000, 0x0000000706f00000|
| 112|0x0000000707000000, 0x0000000707000000, 0x0000000707100000|  0%| F|  |TS  0|AC  0|TAMS 0x0000000707000000, 0x0000000707000000|
| 113|0x0000000707100000, 0x0000000707100000, 0x0000000707200000|  0%| F|  |TS  0|AC  0|TAMS 0x0000000707100000, 0x0000000707100000|
| 114|0x0000000707200000, 0x0000000707200000, 0x0000000707300000|  0%| F|  |TS  0|AC  0|TAMS 0x0000000707200000, 0x0000000707200000|
| 115|0x0000000707300000, 0x0000000707400000, 0x0000000707400000|100%|HS|  |TS  0|AC  0|TAMS 0x0000000707300000, 0x0000000707300000|
| 116|0x0000000707400000, 0x0000000707400000, 0x0000000707500000|  0%| F|  |TS  0|AC  0|TAMS 0x0000000707400000, 0x0000000707400000|
| 117|0x0000000707500000, 0x0000000707500000, 0x0000000707600000|  0%| F|  |TS  0|AC  0|TAMS 0x0000000707500000, 0x0000000707500000|
| 118|0x0000000707600000, 0x0000000707600000, 0x0000000707700000|  0%| F|  |TS  0|AC  0|TAMS 0x0000000707600000, 0x0000000707600000|
| 119|0x0000000707700000, 0x0000000707700000, 0x0000000707800000|  0%| F|  |TS  0|AC  0|TAMS 0x0000000707700000, 0x0000000707700000|
| 120|0x0000000707800000, 0x0000000707800000, 0x0000000707900000|  0%| F|  |TS  0|AC  0|TAMS 0x0000000707800000, 0x0000000707800000|
| 121|0x0000000707900000, 0x0000000707900000, 0x0000000707a00000|  0%| F|  |TS  0|AC  0|TAMS 0x0000000707900000, 0x0000000707900000|
| 122|0x0000000707a00000, 0x0000000707a00000, 0x0000000707b00000|  0%| F|  |TS  0|AC  0|TAMS 0x0000000707a00000, 0x0000000707a00000|
| 123|0x0000000707b00000, 0x0000000707b00000, 0x0000000707c00000|  0%| F|  |TS  0|AC  0|TAMS 0x0000000707b00000, 0x0000000707b00000|
| 124|0x0000000707c00000, 0x0000000707c00000, 0x0000000707d00000|  0%| F|  |TS  0|AC  0|TAMS 0x0000000707c00000, 0x0000000707c00000|
| 125|0x0000000707d00000, 0x0000000707d00000, 0x0000000707e00000|  0%| F|  |TS  0|AC  0|TAMS 0x0000000707d00000, 0x0000000707d00000|
| 126|0x0000000707e00000, 0x0000000707e00000, 0x0000000707f00000|  0%| F|  |TS  0|AC  0|TAMS 0x0000000707e00000, 0x0000000707e00000|
| 127|0x0000000707f00000, 0x0000000707f00000, 0x0000000708000000|  0%| F|  |TS  0|AC  0|TAMS 0x0000000707f00000, 0x0000000707f00000|
| 128|0x0000000708000000, 0x0000000708000000, 0x0000000708100000|  0%| F|  |TS  0|AC  0|TAMS 0x0000000708000000, 0x0000000708000000|
| 129|0x0000000708100000, 0x0000000708100000, 0x0000000708200000|  0%| F|  |TS  0|AC  0|TAMS 0x0000000708100000, 0x0000000708100000|
| 130|0x0000000708200000, 0x0000000708200000, 0x0000000708300000|  0%| F|  |TS  0|AC  0|TAMS 0x0000000708200000, 0x0000000708200000|
| 131|0x0000000708300000, 0x0000000708300000, 0x0000000708400000|  0%| F|  |TS  0|AC  0|TAMS 0x0000000708300000, 0x0000000708300000|
| 132|0x0000000708400000, 0x0000000708400000, 0x0000000708500000|  0%| F|  |TS  0|AC  0|TAMS 0x0000000708400000, 0x0000000708400000|
| 133|0x0000000708500000, 0x0000000708500000, 0x0000000708600000|  0%| F|  |TS  0|AC  0|TAMS 0x0000000708500000, 0x0000000708500000|
| 134|0x0000000708600000, 0x0000000708600000, 0x0000000708700000|  0%| F|  |TS  0|AC  0|TAMS 0x0000000708600000, 0x0000000708600000|
| 135|0x0000000708700000, 0x0000000708700000, 0x0000000708800000|  0%| F|  |TS  0|AC  0|TAMS 0x0000000708700000, 0x0000000708700000|
| 136|0x0000000708800000, 0x0000000708800000, 0x0000000708900000|  0%| F|  |TS  0|AC  0|TAMS 0x0000000708800000, 0x0000000708800000|
| 137|0x0000000708900000, 0x0000000708900000, 0x0000000708a00000|  0%| F|  |TS  0|AC  0|TAMS 0x0000000708900000, 0x0000000708900000|
| 138|0x0000000708a00000, 0x0000000708a00000, 0x0000000708b00000|  0%| F|  |TS  0|AC  0|TAMS 0x0000000708a00000, 0x0000000708a00000|
| 139|0x0000000708b00000, 0x0000000708b00000, 0x0000000708c00000|  0%| F|  |TS  0|AC  0|TAMS 0x0000000708b00000, 0x0000000708b00000|
| 140|0x0000000708c00000, 0x0000000708c00000, 0x0000000708d00000|  0%| F|  |TS  0|AC  0|TAMS 0x0000000708c00000, 0x0000000708c00000|
| 141|0x0000000708d00000, 0x0000000708d00000, 0x0000000708e00000|  0%| F|  |TS  0|AC  0|TAMS 0x0000000708d00000, 0x0000000708d00000|
| 142|0x0000000708e00000, 0x0000000708e00000, 0x0000000708f00000|  0%| F|  |TS  0|AC  0|TAMS 0x0000000708e00000, 0x0000000708e00000|
| 143|0x0000000708f00000, 0x0000000708f00000, 0x0000000709000000|  0%| F|  |TS  0|AC  0|TAMS 0x0000000708f00000, 0x0000000708f00000|
| 144|0x0000000709000000, 0x0000000709000000, 0x0000000709100000|  0%| F|  |TS  0|AC  0|TAMS 0x0000000709000000, 0x0000000709000000|
| 145|0x0000000709100000, 0x0000000709100000, 0x0000000709200000|  0%| F|  |TS  0|AC  0|TAMS 0x0000000709100000, 0x0000000709100000|
| 146|0x0000000709200000, 0x0000000709200000, 0x0000000709300000|  0%| F|  |TS  0|AC  0|TAMS 0x0000000709200000, 0x0000000709200000|
| 147|0x0000000709300000, 0x0000000709300000, 0x0000000709400000|  0%| F|  |TS  0|AC  0|TAMS 0x0000000709300000, 0x0000000709300000|
| 148|0x0000000709400000, 0x0000000709400000, 0x0000000709500000|  0%| F|  |TS  0|AC  0|TAMS 0x0000000709400000, 0x0000000709400000|
| 149|0x0000000709500000, 0x0000000709500000, 0x0000000709600000|  0%| F|  |TS  0|AC  0|TAMS 0x0000000709500000, 0x0000000709500000|
| 150|0x0000000709600000, 0x0000000709600000, 0x0000000709700000|  0%| F|  |TS  0|AC  0|TAMS 0x0000000709600000, 0x0000000709600000|
| 151|0x0000000709700000, 0x0000000709700000, 0x0000000709800000|  0%| F|  |TS  0|AC  0|TAMS 0x0000000709700000, 0x0000000709700000|
| 152|0x0000000709800000, 0x0000000709800000, 0x0000000709900000|  0%| F|  |TS  0|AC  0|TAMS 0x0000000709800000, 0x0000000709800000|
| 153|0x0000000709900000, 0x0000000709900000, 0x0000000709a00000|  0%| F|  |TS  0|AC  0|TAMS 0x0000000709900000, 0x0000000709900000|
| 154|0x0000000709a00000, 0x0000000709a00000, 0x0000000709b00000|  0%| F|  |TS  0|AC  0|TAMS 0x0000000709a00000, 0x0000000709a00000|
| 155|0x0000000709b00000, 0x0000000709b00000, 0x0000000709c00000|  0%| F|  |TS  0|AC  0|TAMS 0x0000000709b00000, 0x0000000709b00000|
| 156|0x0000000709c00000, 0x0000000709c00000, 0x0000000709d00000|  0%| F|  |TS  0|AC  0|TAMS 0x0000000709c00000, 0x0000000709c00000|
| 157|0x0000000709d00000, 0x0000000709d00000, 0x0000000709e00000|  0%| F|  |TS  0|AC  0|TAMS 0x0000000709d00000, 0x0000000709d00000|
| 158|0x0000000709e00000, 0x0000000709e00000, 0x0000000709f00000|  0%| F|  |TS  0|AC  0|TAMS 0x0000000709e00000, 0x0000000709e00000|
| 159|0x0000000709f00000, 0x0000000709f00000, 0x000000070a000000|  0%| F|  |TS  0|AC  0|TAMS 0x0000000709f00000, 0x0000000709f00000|
| 160|0x000000070a000000, 0x000000070a000000, 0x000000070a100000|  0%| F|  |TS  0|AC  0|TAMS 0x000000070a000000, 0x000000070a000000|
| 161|0x000000070a100000, 0x000000070a100000, 0x000000070a200000|  0%| F|  |TS  0|AC  0|TAMS 0x000000070a100000, 0x000000070a100000|
| 162|0x000000070a200000, 0x000000070a200000, 0x000000070a300000|  0%| F|  |TS  0|AC  0|TAMS 0x000000070a200000, 0x000000070a200000|
| 163|0x000000070a300000, 0x000000070a300000, 0x000000070a400000|  0%| F|  |TS  0|AC  0|TAMS 0x000000070a300000, 0x000000070a300000|
| 164|0x000000070a400000, 0x000000070a400000, 0x000000070a500000|  0%| F|  |TS  0|AC  0|TAMS 0x000000070a400000, 0x000000070a400000|
| 165|0x000000070a500000, 0x000000070a5eeff0, 0x000000070a600000| 93%| E|  |TS  0|AC  0|TAMS 0x000000070a500000, 0x000000070a500000|
| 166|0x000000070a600000, 0x000000070a700000, 0x000000070a700000|100%| E|CS|TS  0|AC  0|TAMS 0x000000070a600000, 0x000000070a600000|
| 167|0x000000070a700000, 0x000000070a800000, 0x000000070a800000|100%| E|CS|TS  0|AC  0|TAMS 0x000000070a700000, 0x000000070a700000|
| 168|0x000000070a800000, 0x000000070a900000, 0x000000070a900000|100%| E|CS|TS  0|AC  0|TAMS 0x000000070a800000, 0x000000070a800000|
| 169|0x000000070a900000, 0x000000070aa00000, 0x000000070aa00000|100%| E|CS|TS  0|AC  0|TAMS 0x000000070a900000, 0x000000070a900000|
| 170|0x000000070aa00000, 0x000000070ab00000, 0x000000070ab00000|100%| E|CS|TS  0|AC  0|TAMS 0x000000070aa00000, 0x000000070aa00000|
| 171|0x000000070ab00000, 0x000000070ac00000, 0x000000070ac00000|100%| E|CS|TS  0|AC  0|TAMS 0x000000070ab00000, 0x000000070ab00000|
| 172|0x000000070ac00000, 0x000000070ad00000, 0x000000070ad00000|100%| E|CS|TS  0|AC  0|TAMS 0x000000070ac00000, 0x000000070ac00000|
| 173|0x000000070ad00000, 0x000000070ae00000, 0x000000070ae00000|100%| E|CS|TS  0|AC  0|TAMS 0x000000070ad00000, 0x000000070ad00000|
| 174|0x000000070ae00000, 0x000000070af00000, 0x000000070af00000|100%| E|CS|TS  0|AC  0|TAMS 0x000000070ae00000, 0x000000070ae00000|
| 175|0x000000070af00000, 0x000000070b000000, 0x000000070b000000|100%| E|CS|TS  0|AC  0|TAMS 0x000000070af00000, 0x000000070af00000|
| 176|0x000000070b000000, 0x000000070b100000, 0x000000070b100000|100%| E|CS|TS  0|AC  0|TAMS 0x000000070b000000, 0x000000070b000000|
| 177|0x000000070b100000, 0x000000070b200000, 0x000000070b200000|100%| E|CS|TS  0|AC  0|TAMS 0x000000070b100000, 0x000000070b100000|
| 178|0x000000070b200000, 0x000000070b300000, 0x000000070b300000|100%| E|CS|TS  0|AC  0|TAMS 0x000000070b200000, 0x000000070b200000|
| 179|0x000000070b300000, 0x000000070b400000, 0x000000070b400000|100%| E|CS|TS  0|AC  0|TAMS 0x000000070b300000, 0x000000070b300000|
| 180|0x000000070b400000, 0x000000070b500000, 0x000000070b500000|100%| E|CS|TS  0|AC  0|TAMS 0x000000070b400000, 0x000000070b400000|
| 181|0x000000070b500000, 0x000000070b600000, 0x000000070b600000|100%| E|CS|TS  0|AC  0|TAMS 0x000000070b500000, 0x000000070b500000|
| 182|0x000000070b600000, 0x000000070b700000, 0x000000070b700000|100%| E|CS|TS  0|AC  0|TAMS 0x000000070b600000, 0x000000070b600000|
| 183|0x000000070b700000, 0x000000070b800000, 0x000000070b800000|100%| E|CS|TS  0|AC  0|TAMS 0x000000070b700000, 0x000000070b700000|
| 184|0x000000070b800000, 0x000000070b900000, 0x000000070b900000|100%| E|CS|TS  0|AC  0|TAMS 0x000000070b800000, 0x000000070b800000|
| 185|0x000000070b900000, 0x000000070ba00000, 0x000000070ba00000|100%| E|CS|TS  0|AC  0|TAMS 0x000000070b900000, 0x000000070b900000|
| 186|0x000000070ba00000, 0x000000070bb00000, 0x000000070bb00000|100%| E|CS|TS  0|AC  0|TAMS 0x000000070ba00000, 0x000000070ba00000|
| 187|0x000000070bb00000, 0x000000070bc00000, 0x000000070bc00000|100%| E|CS|TS  0|AC  0|TAMS 0x000000070bb00000, 0x000000070bb00000|
| 188|0x000000070bc00000, 0x000000070bd00000, 0x000000070bd00000|100%| E|CS|TS  0|AC  0|TAMS 0x000000070bc00000, 0x000000070bc00000|
| 189|0x000000070bd00000, 0x000000070be00000, 0x000000070be00000|100%| E|CS|TS  0|AC  0|TAMS 0x000000070bd00000, 0x000000070bd00000|
| 190|0x000000070be00000, 0x000000070bf00000, 0x000000070bf00000|100%| E|CS|TS  0|AC  0|TAMS 0x000000070be00000, 0x000000070be00000|
| 191|0x000000070bf00000, 0x000000070c000000, 0x000000070c000000|100%| E|CS|TS  0|AC  0|TAMS 0x000000070bf00000, 0x000000070bf00000|
| 192|0x000000070c000000, 0x000000070c100000, 0x000000070c100000|100%| E|CS|TS  0|AC  0|TAMS 0x000000070c000000, 0x000000070c000000|
| 193|0x000000070c100000, 0x000000070c200000, 0x000000070c200000|100%| E|CS|TS  0|AC  0|TAMS 0x000000070c100000, 0x000000070c100000|
| 194|0x000000070c200000, 0x000000070c300000, 0x000000070c300000|100%| E|CS|TS  0|AC  0|TAMS 0x000000070c200000, 0x000000070c200000|
| 195|0x000000070c300000, 0x000000070c400000, 0x000000070c400000|100%| E|CS|TS  0|AC  0|TAMS 0x000000070c300000, 0x000000070c300000|
| 196|0x000000070c400000, 0x000000070c500000, 0x000000070c500000|100%| E|CS|TS  0|AC  0|TAMS 0x000000070c400000, 0x000000070c400000|
| 197|0x000000070c500000, 0x000000070c600000, 0x000000070c600000|100%| E|CS|TS  0|AC  0|TAMS 0x000000070c500000, 0x000000070c500000|
| 198|0x000000070c600000, 0x000000070c700000, 0x000000070c700000|100%| E|CS|TS  0|AC  0|TAMS 0x000000070c600000, 0x000000070c600000|
| 199|0x000000070c700000, 0x000000070c800000, 0x000000070c800000|100%| E|CS|TS  0|AC  0|TAMS 0x000000070c700000, 0x000000070c700000|
| 200|0x000000070c800000, 0x000000070c900000, 0x000000070c900000|100%| E|CS|TS  0|AC  0|TAMS 0x000000070c800000, 0x000000070c800000|
| 201|0x000000070c900000, 0x000000070ca00000, 0x000000070ca00000|100%| E|CS|TS  0|AC  0|TAMS 0x000000070c900000, 0x000000070c900000|
| 202|0x000000070ca00000, 0x000000070cb00000, 0x000000070cb00000|100%| E|CS|TS  0|AC  0|TAMS 0x000000070ca00000, 0x000000070ca00000|
| 203|0x000000070cb00000, 0x000000070cc00000, 0x000000070cc00000|100%| E|CS|TS  0|AC  0|TAMS 0x000000070cb00000, 0x000000070cb00000|
| 204|0x000000070cc00000, 0x000000070cd00000, 0x000000070cd00000|100%| E|CS|TS  0|AC  0|TAMS 0x000000070cc00000, 0x000000070cc00000|
| 205|0x000000070cd00000, 0x000000070ce00000, 0x000000070ce00000|100%| E|CS|TS  0|AC  0|TAMS 0x000000070cd00000, 0x000000070cd00000|

Card table byte_map: [0x0000022a04040000,0x0000022a04640000] byte_map_base: 0x0000022a00840000

Marking Bits (Prev, Next): (CMBitMap*) 0x0000022a089ec608, (CMBitMap*) 0x0000022a089ec5d0
 Prev Bits: [0x0000022a1eae0000, 0x0000022a21ae0000)
 Next Bits: [0x0000022a04c40000, 0x0000022a07c40000)

Polling page: 0x0000022a00160000

CodeHeap 'non-profiled nmethods': size=120000Kb used=29453Kb max_used=30355Kb free=90546Kb
 bounds [0x0000022a175b0000, 0x0000022a19380000, 0x0000022a1eae0000]
CodeHeap 'profiled nmethods': size=120000Kb used=45067Kb max_used=46318Kb free=74932Kb
 bounds [0x0000022a10080000, 0x0000022a12fa0000, 0x0000022a175b0000]
CodeHeap 'non-nmethods': size=5760Kb used=1872Kb max_used=1938Kb free=3887Kb
 bounds [0x0000022a0fae0000, 0x0000022a0fd50000, 0x0000022a10080000]
 total_blobs=44686 nmethods=20658 adapters=1244
 compilation: enabled

Compilation events (10 events):
Event: 66960.476 Thread 0x0000022a7df0c000 nmethod 29314 0x0000022a1897bf90 code [0x0000022a1897c140, 0x0000022a1897c358]
Event: 66960.480 Thread 0x0000022a7df0b000 nmethod 29315 0x0000022a1897ba90 code [0x0000022a1897bc60, 0x0000022a1897be58]
Event: 66966.274 Thread 0x0000022a01c4c000 29316       3       java.awt.Window::getOwnedWindows (5 bytes)
Event: 66966.275 Thread 0x0000022a01c4c000 nmethod 29316 0x0000022a1094e790 code [0x0000022a1094e940, 0x0000022a1094eb50]
Event: 66966.317 Thread 0x0000022a01c4c000 29317       3       ui.b.c.b.p::tableChanged (53 bytes)
Event: 66966.318 Thread 0x0000022a01c4c000 nmethod 29317 0x0000022a114ca010 code [0x0000022a114ca380, 0x0000022a114cbcb0]
Event: 66967.679 Thread 0x0000022a01c4b800 29318       4       javax.swing.plaf.synth.SynthButtonUI::getMinimumSize (85 bytes)
Event: 66967.685 Thread 0x0000022a01c4b800 nmethod 29318 0x0000022a1897af10 code [0x0000022a1897b120, 0x0000022a1897b510]
Event: 66967.709 Thread 0x0000022a7df0c000 29319       4       javax.swing.plaf.synth.SynthLookAndFeel::createUI (526 bytes)
Event: 66967.792 Thread 0x0000022a7df0c000 nmethod 29319 0x0000022a18977b90 code [0x0000022a18977fc0, 0x0000022a18979d28]

GC Heap History (10 events):
Event: 66956.575 GC heap before
{Heap before GC invocations=3131 (full 2006):
 garbage-first heap   total 210944K, used 103252K [0x0000000700000000, 0x0000000700100670, 0x00000007c0000000)
  region size 1024K, 5 young (5120K), 0 survivors (0K)
 Metaspace       used 94142K, capacity 96207K, committed 103428K, reserved 1138688K
  class space    used 12583K, capacity 13056K, committed 14620K, reserved 1048576K
}
Event: 66956.828 GC heap after
{Heap after GC invocations=3132 (full 2007):
 garbage-first heap   total 210944K, used 99146K [0x0000000700000000, 0x0000000700100670, 0x00000007c0000000)
  region size 1024K, 0 young (0K), 0 survivors (0K)
 Metaspace       used 94142K, capacity 96207K, committed 103428K, reserved 1138688K
  class space    used 12583K, capacity 13056K, committed 14620K, reserved 1048576K
}
Event: 66957.345 GC heap before
{Heap before GC invocations=3132 (full 2007):
 garbage-first heap   total 210944K, used 103242K [0x0000000700000000, 0x0000000700100670, 0x00000007c0000000)
  region size 1024K, 5 young (5120K), 0 survivors (0K)
 Metaspace       used 94142K, capacity 96207K, committed 103428K, reserved 1138688K
  class space    used 12583K, capacity 13056K, committed 14620K, reserved 1048576K
}
Event: 66957.624 GC heap after
{Heap after GC invocations=3133 (full 2008):
 garbage-first heap   total 210944K, used 99153K [0x0000000700000000, 0x0000000700100670, 0x00000007c0000000)
  region size 1024K, 0 young (0K), 0 survivors (0K)
 Metaspace       used 94142K, capacity 96207K, committed 103428K, reserved 1138688K
  class space    used 12583K, capacity 13056K, committed 14620K, reserved 1048576K
}
Event: 66957.852 GC heap before
{Heap before GC invocations=3133 (full 2008):
 garbage-first heap   total 210944K, used 104273K [0x0000000700000000, 0x0000000700100670, 0x00000007c0000000)
  region size 1024K, 6 young (6144K), 0 survivors (0K)
 Metaspace       used 94142K, capacity 96207K, committed 103428K, reserved 1138688K
  class space    used 12583K, capacity 13056K, committed 14620K, reserved 1048576K
}
Event: 66958.172 GC heap after
{Heap after GC invocations=3134 (full 2009):
 garbage-first heap   total 210944K, used 99107K [0x0000000700000000, 0x0000000700100670, 0x00000007c0000000)
  region size 1024K, 0 young (0K), 0 survivors (0K)
 Metaspace       used 94142K, capacity 96207K, committed 103428K, reserved 1138688K
  class space    used 12583K, capacity 13056K, committed 14620K, reserved 1048576K
}
Event: 66960.587 GC heap before
{Heap before GC invocations=3134 (full 2009):
 garbage-first heap   total 210944K, used 123683K [0x0000000700000000, 0x0000000700100670, 0x00000007c0000000)
  region size 1024K, 25 young (25600K), 0 survivors (0K)
 Metaspace       used 94143K, capacity 96207K, committed 103428K, reserved 1138688K
  class space    used 12583K, capacity 13056K, committed 14620K, reserved 1048576K
}
Event: 66960.589 GC heap after
{Heap after GC invocations=3135 (full 2009):
 garbage-first heap   total 210944K, used 99424K [0x0000000700000000, 0x0000000700100670, 0x00000007c0000000)
  region size 1024K, 1 young (1024K), 1 survivors (1024K)
 Metaspace       used 94143K, capacity 96207K, committed 103428K, reserved 1138688K
  class space    used 12583K, capacity 13056K, committed 14620K, reserved 1048576K
}
Event: 66961.606 GC heap before
{Heap before GC invocations=3135 (full 2009):
 garbage-first heap   total 210944K, used 107616K [0x0000000700000000, 0x0000000700100670, 0x00000007c0000000)
  region size 1024K, 10 young (10240K), 1 survivors (1024K)
 Metaspace       used 94143K, capacity 96207K, committed 103428K, reserved 1138688K
  class space    used 12583K, capacity 13056K, committed 14620K, reserved 1048576K
}
Event: 66961.861 GC heap after
{Heap after GC invocations=3136 (full 2010):
 garbage-first heap   total 210944K, used 99121K [0x0000000700000000, 0x0000000700100670, 0x00000007c0000000)
  region size 1024K, 0 young (0K), 0 survivors (0K)
 Metaspace       used 94143K, capacity 96207K, committed 103428K, reserved 1138688K
  class space    used 12583K, capacity 13056K, committed 14620K, reserved 1048576K
}

Deoptimization events (10 events):
Event: 65855.681 Thread 0x0000022a26f79000 Uncommon trap: reason=bimorphic_or_optimized_type_check action=maybe_recompile pc=0x0000022a1847b980 method=java.awt.Component.addNotify()V @ 398 c2
Event: 65855.685 Thread 0x0000022a26f79000 Uncommon trap: reason=bimorphic_or_optimized_type_check action=maybe_recompile pc=0x0000022a1847b980 method=java.awt.Component.addNotify()V @ 398 c2
Event: 65856.345 Thread 0x0000022a26f79000 Uncommon trap: reason=unstable_if action=reinterpret pc=0x0000022a18d94d34 method=ui.utils.o.A.eHy()Z @ 9 c2
Event: 65865.220 Thread 0x0000022a26f79000 Uncommon trap: reason=unstable_if action=reinterpret pc=0x0000022a18aaf688 method=javax.swing.text.CompositeView.modelToView(ILjava/awt/Shape;Ljavax/swing/text/Position$Bias;)Ljava/awt/Shape; @ 4 c2
Event: 65867.095 Thread 0x0000022a26f79000 Uncommon trap: reason=class_check action=maybe_recompile pc=0x0000022a189ebd6c method=java.awt.Component.removeNotify()V @ 301 c2
Event: 65988.368 Thread 0x0000022a26f79000 Uncommon trap: reason=bimorphic_or_optimized_type_check action=maybe_recompile pc=0x0000022a18a22f8c method=ui.data.u.a(Lui/data/aa;Lui/frmwork/b/a;)V @ 85 c2
Event: 65988.369 Thread 0x0000022a26f79000 Uncommon trap: reason=unstable_if action=reinterpret pc=0x0000022a18caf894 method=ui.b.c.b.p.tableChanged(Ljavax/swing/event/TableModelEvent;)V @ 35 c2
Event: 65988.369 Thread 0x0000022a26f79000 Uncommon trap: reason=unstable_if action=reinterpret pc=0x0000022a18010f7c method=com.jidesoft.grid.FilterableTableModel.c()Z @ 74 c2
Event: 66948.519 Thread 0x0000022a26f79000 Uncommon trap: reason=bimorphic_or_optimized_type_check action=maybe_recompile pc=0x0000022a18a22f8c method=ui.data.u.a(Lui/data/aa;Lui/frmwork/b/a;)V @ 85 c2
Event: 66967.588 Thread 0x0000022a26f79000 Uncommon trap: reason=unstable_if action=reinterpret pc=0x0000022a18e0b2b0 method=java.awt.LightweightDispatcher.eventDispatched(Ljava/awt/AWTEvent;)V @ 122 c2

Classes redefined (0 events):
No events

Internal exceptions (10 events):
Event: 60666.380 Thread 0x0000022a5c679800 Exception <a 'de/concept/nlview/NlviewException'{0x000000070a9a8760}> (0x000000070a9a8760) thrown at [t:/workspace/hotspot/src/share/vm/prims/jni.cpp, line 604]
Event: 60666.381 Thread 0x0000022a5c679800 Exception <a 'de/concept/nlview/NlviewException'{0x000000070a9a9a88}> (0x000000070a9a9a88) thrown at [t:/workspace/hotspot/src/share/vm/prims/jni.cpp, line 604]
Event: 60666.381 Thread 0x0000022a5c679800 Exception <a 'de/concept/nlview/NlviewException'{0x000000070a9aadb0}> (0x000000070a9aadb0) thrown at [t:/workspace/hotspot/src/share/vm/prims/jni.cpp, line 604]
Event: 61944.537 Thread 0x0000022a02e56000 Implicit null exception at 0x0000022a17726133 to 0x0000022a17726e75
Event: 65278.114 Thread 0x0000022a26f79000 Implicit null exception at 0x0000022a18be24f1 to 0x0000022a18be29e5
Event: 65851.822 Thread 0x0000022a26f79000 Implicit null exception at 0x0000022a19232e68 to 0x0000022a19236389
Event: 65851.822 Thread 0x0000022a26f79000 Implicit null exception at 0x0000022a185e2990 to 0x0000022a185e2e21
Event: 65853.617 Thread 0x0000022a26f79000 Exception <a 'java/lang/NoSuchMethodError'{0x000000070aba0890}: java.lang.invoke.DelegatingMethodHandle$Holder.reinvoke_L(Ljava/lang/Object;IIILjava/lang/Object;Ljava/lang/Object;Ljava/lang/Object;Ljava/lang/Object;)Ljava/lang/Object;> (0x000000070aba0890
Event: 65853.626 Thread 0x0000022a26f79000 Implicit null exception at 0x0000022a18ab1a86 to 0x0000022a18ab1c87
Event: 65853.644 Thread 0x0000022a26f79000 Implicit null exception at 0x0000022a183bfda4 to 0x0000022a183c0efd

Events (10 events):
Event: 66966.293 Executing VM operation: BulkRevokeBias done
Event: 66966.485 Thread 0x0000022a5c674000 Thread added: 0x0000022a5c674000
Event: 66966.493 Executing VM operation: RevokeBias
Event: 66966.493 Executing VM operation: RevokeBias done
Event: 66966.493 Thread 0x0000022a5c674000 Thread exited: 0x0000022a5c674000
Event: 66966.865 Thread 0x0000022a5c670800 Thread added: 0x0000022a5c670800
Event: 66966.869 Thread 0x0000022a5c670800 Thread exited: 0x0000022a5c670800
Event: 66967.588 Thread 0x0000022a26f79000 Uncommon trap: trap_request=0xffffff5d fr.pc=0x0000022a18e0b2b0 relative=0x0000000000001770
Event: 66967.588 Thread 0x0000022a26f79000 DEOPT PACKING pc=0x0000022a18e0b2b0 sp=0x000000fce9bf5c10
Event: 66967.588 Thread 0x0000022a26f79000 DEOPT UNPACKING pc=0x0000022a0fb2df29 sp=0x000000fce9bf5bd0 mode 2


Dynamic libraries:
0x00007ff6f6770000 - 0x00007ff6f67a0000 	C:\Xilinx\Vivado\2019.1\bin\unwrapped\win64.o\vivado.exe
0x00007ff979d30000 - 0x00007ff979f25000 	C:\WINDOWS\SYSTEM32\ntdll.dll
0x00007ff978b60000 - 0x00007ff978c1d000 	C:\WINDOWS\System32\KERNEL32.DLL
0x00007ff9774a0000 - 0x00007ff977768000 	C:\WINDOWS\System32\KERNELBASE.dll
0x00007ff977820000 - 0x00007ff977920000 	C:\WINDOWS\System32\ucrtbase.dll
0x00007ff961410000 - 0x00007ff9614a1000 	C:\WINDOWS\SYSTEM32\MSVCP140.dll
0x00007ff95aba0000 - 0x00007ff95abb4000 	C:\Xilinx\Vivado\2019.1\lib\win64.o\librdi_commonmain.dll
0x00007ff9614b0000 - 0x00007ff9614c9000 	C:\WINDOWS\SYSTEM32\VCRUNTIME140.dll
0x00007ff956390000 - 0x00007ff9563a4000 	C:\Xilinx\Vivado\2019.1\lib\win64.o\libboost_signals.dll
0x00007ff9115d0000 - 0x00007ff9124b2000 	C:\Xilinx\Vivado\2019.1\lib\win64.o\librdi_common.dll
0x00007ff9789b0000 - 0x00007ff978b50000 	C:\WINDOWS\System32\USER32.dll
0x00007ff977470000 - 0x00007ff977492000 	C:\WINDOWS\System32\win32u.dll
0x00007ff977ec0000 - 0x00007ff977eea000 	C:\WINDOWS\System32\GDI32.dll
0x00007ff977bd0000 - 0x00007ff977cdb000 	C:\WINDOWS\System32\gdi32full.dll
0x00007ff977b30000 - 0x00007ff977bcd000 	C:\WINDOWS\System32\msvcp_win.dll
0x00007ff978820000 - 0x00007ff9788cc000 	C:\WINDOWS\System32\ADVAPI32.dll
0x00007ff978ee0000 - 0x00007ff978f7e000 	C:\WINDOWS\System32\msvcrt.dll
0x00007ff9788e0000 - 0x00007ff97897b000 	C:\WINDOWS\System32\sechost.dll
0x00007ff978db0000 - 0x00007ff978edb000 	C:\WINDOWS\System32\RPCRT4.dll
0x00007ff960ea0000 - 0x00007ff960eac000 	C:\WINDOWS\SYSTEM32\VCRUNTIME140_1.dll
0x00007ff978010000 - 0x00007ff978752000 	C:\WINDOWS\System32\SHELL32.dll
0x00007ff954ea0000 - 0x00007ff954ec6000 	C:\Xilinx\Vivado\2019.1\lib\win64.o\libboost_filesystem.dll
0x00007ff972830000 - 0x00007ff97283a000 	C:\Xilinx\Vivado\2019.1\lib\win64.o\librdi_commonversion.dll
0x00007ff93dd80000 - 0x00007ff93dea1000 	C:\Xilinx\Vivado\2019.1\lib\win64.o\librdi_commonxillic.dll
0x00000000717e0000 - 0x000000007190b000 	C:\Xilinx\Vivado\2019.1\lib\win64.o\tcl85t.dll
0x00007ff979230000 - 0x00007ff97929b000 	C:\WINDOWS\System32\WS2_32.dll
0x00007ff913d00000 - 0x00007ff91406e000 	C:\Xilinx\Vivado\2019.1\lib\win64.o\libCOIN-all.dll
0x00007ff9547a0000 - 0x00007ff9547b4000 	C:\Xilinx\Vivado\2019.1\lib\win64.o\libboost_date_time.dll
0x00007ff94f8d0000 - 0x00007ff94f94f000 	C:\Xilinx\Vivado\2019.1\lib\win64.o\libboost_program_options.dll
0x00007ff93dc60000 - 0x00007ff93dd74000 	C:\Xilinx\Vivado\2019.1\lib\win64.o\libboost_regex.dll
0x00007ff970480000 - 0x00007ff97048b000 	C:\Xilinx\Vivado\2019.1\lib\win64.o\libboost_system.dll
0x00007ff953ad0000 - 0x00007ff953af1000 	C:\Xilinx\Vivado\2019.1\lib\win64.o\libboost_thread.dll
0x00007ff970390000 - 0x00007ff97039f000 	C:\Xilinx\Vivado\2019.1\lib\win64.o\libboost_xilinx.dll
0x00007ff93e080000 - 0x00007ff93e125000 	C:\Xilinx\Vivado\2019.1\lib\win64.o\libhdxml.dll
0x00007ff93dbd0000 - 0x00007ff93dc52000 	C:\Xilinx\Vivado\2019.1\lib\win64.o\libhdlpsolve.dll
0x00007ff910a20000 - 0x00007ff9115cf400 	C:\Xilinx\Vivado\2019.1\lib\win64.o\libisl_iostreams.dll
0x00007ff953a30000 - 0x00007ff953a5e000 	C:\Xilinx\Vivado\2019.1\lib\win64.o\libisl_sysinfo.dll
0x00007ff94ad10000 - 0x00007ff94ad75000 	C:\Xilinx\Vivado\2019.1\lib\win64.o\liblmx6.0.dll
0x00007ff953650000 - 0x00007ff95366a000 	C:\Xilinx\Vivado\2019.1\lib\win64.o\pthreadVC2.dll
0x00007ff9535c0000 - 0x00007ff9535dc000 	C:\Xilinx\Vivado\2019.1\lib\win64.o\librdiconfig.dll
0x00007ff951900000 - 0x00007ff951921000 	C:\Xilinx\Vivado\2019.1\lib\win64.o\librdizlib.dll
0x0000000012000000 - 0x0000000012270000 	C:\Xilinx\Vivado\2019.1\lib\win64.o\xerces-c_3_1.dll
0x00007ff96a480000 - 0x00007ff96a58b000 	C:\WINDOWS\SYSTEM32\WINHTTP.dll
0x00007ff95d040000 - 0x00007ff95d51d000 	C:\WINDOWS\SYSTEM32\WININET.dll
0x00007ff964390000 - 0x00007ff9643a8000 	C:\WINDOWS\SYSTEM32\NETAPI32.dll
0x00007ff966f10000 - 0x00007ff9670fe000 	C:\WINDOWS\SYSTEM32\urlmon.dll
0x00007ff957fe0000 - 0x00007ff957fe9000 	C:\WINDOWS\SYSTEM32\WSOCK32.dll
0x00007ff950760000 - 0x00007ff95078d000 	C:\WINDOWS\SYSTEM32\VCOMP140.DLL
0x00007ff90fb80000 - 0x00007ff910a11000 	C:\Xilinx\Vivado\2019.1\lib\win64.o\gurobi65.dll
0x00007ff913a20000 - 0x00007ff913cf8000 	C:\Xilinx\Vivado\2019.1\lib\win64.o\libXil_lmgr11.dll
0x00007ff978f80000 - 0x00007ff97905a000 	C:\WINDOWS\System32\COMDLG32.dll
0x00007ff979990000 - 0x00007ff979ce5000 	C:\WINDOWS\System32\combase.dll
0x00007ff978ca0000 - 0x00007ff978d4e000 	C:\WINDOWS\System32\shcore.dll
0x00007ff9787c0000 - 0x00007ff978815000 	C:\WINDOWS\System32\SHLWAPI.dll
0x00007ff970370000 - 0x00007ff97037d000 	C:\Xilinx\Vivado\2019.1\lib\win64.o\libboost_chrono.dll
0x00007ff979450000 - 0x00007ff97951d000 	C:\WINDOWS\System32\OLEAUT32.dll
0x00007ff977d90000 - 0x00007ff977eba000 	C:\WINDOWS\System32\ole32.dll
0x00007ff9777c0000 - 0x00007ff977820000 	C:\WINDOWS\System32\WINTRUST.dll
0x00007ff977920000 - 0x00007ff977a7f000 	C:\WINDOWS\System32\CRYPT32.dll
0x00007ff9535a0000 - 0x00007ff9535bb000 	C:\Xilinx\Vivado\2019.1\lib\win64.o\libboost_iostreams.dll
0x00007ff968390000 - 0x00007ff968640000 	C:\WINDOWS\SYSTEM32\iertutil.dll
0x00007ff9504d0000 - 0x00007ff9504f5000 	C:\Xilinx\Vivado\2019.1\lib\win64.o\libisl_iosutils.dll
0x00007ff96a180000 - 0x00007ff96a230000 	C:\WINDOWS\WinSxS\amd64_microsoft.windows.common-controls_6595b64144ccf1df_5.82.19041.844_none_423537bff6b9828c\COMCTL32.dll
0x00007ff96ebf0000 - 0x00007ff96ec0d000 	C:\WINDOWS\SYSTEM32\dhcpcsvc.DLL
0x00007ff9769c0000 - 0x00007ff9769cc000 	C:\WINDOWS\SYSTEM32\NETUTILS.DLL
0x00007ff979150000 - 0x00007ff979180000 	C:\WINDOWS\System32\IMM32.DLL
0x00007ff976ff0000 - 0x00007ff977002000 	C:\WINDOWS\SYSTEM32\MSASN1.dll
0x00007ff975c70000 - 0x00007ff975c82000 	C:\WINDOWS\SYSTEM32\kernel.appcore.dll
0x00007ff913500000 - 0x00007ff913a17000 	C:\Xilinx\Vivado\2019.1\lib\win64.o\librdi_commontasks.dll
0x00007ff977020000 - 0x00007ff97702a000 	C:\WINDOWS\SYSTEM32\VERSION.dll
0x00007ff913270000 - 0x00007ff9134f6000 	C:\Xilinx\Vivado\2019.1\lib\win64.o\librdi_sio.dll
0x0000000070490000 - 0x0000000070eb5000 	C:\Xilinx\Vivado\2019.1\tps\win64\jre9.0.4\bin\server\jvm.dll
0x00007ff9788d0000 - 0x00007ff9788d8000 	C:\WINDOWS\System32\PSAPI.DLL
0x00007ff976860000 - 0x00007ff97689b000 	C:\WINDOWS\SYSTEM32\IPHLPAPI.DLL
0x00007ff96cf50000 - 0x00007ff96cf77000 	C:\WINDOWS\SYSTEM32\WINMM.dll
0x00007ff915350000 - 0x00007ff91543f000 	C:\WINDOWS\SYSTEM32\MSVCR120.dll
0x00007ff976be0000 - 0x00007ff976c4a000 	C:\WINDOWS\SYSTEM32\MSWSOCK.DLL
0x00007ff9752e0000 - 0x00007ff975a71000 	C:\WINDOWS\SYSTEM32\windows.storage.dll
0x00007ff976e70000 - 0x00007ff976e9c000 	C:\WINDOWS\SYSTEM32\Wldp.dll
0x00007ff90d6c0000 - 0x00007ff90fb7c000 	C:\Xilinx\Vivado\2019.1\lib\win64.o\librdi_tcltasks.dll
0x00007ff90d2b0000 - 0x00007ff90d6b8000 	C:\Xilinx\Vivado\2019.1\lib\win64.o\librdi_bitstream.dll
0x00007ff93f390000 - 0x00007ff93f408000 	C:\Xilinx\Vivado\2019.1\lib\win64.o\librdi_boarddep.dll
0x00007ff914df0000 - 0x00007ff914f81000 	C:\Xilinx\Vivado\2019.1\lib\win64.o\librdi_board.dll
0x00007ff915120000 - 0x00007ff91520b000 	C:\Xilinx\Vivado\2019.1\lib\win64.o\librdi_chipscope.dll
0x00007ff90d0f0000 - 0x00007ff90d2ad000 	C:\Xilinx\Vivado\2019.1\lib\win64.o\librdi_chipscopeimpl.dll
0x00007ff90b700000 - 0x00007ff90d0ea000 	C:\Xilinx\Vivado\2019.1\lib\win64.o\librdi_constraints.dll
0x00007ff90b5a0000 - 0x00007ff90b6f6000 	C:\Xilinx\Vivado\2019.1\lib\win64.o\librdi_containers.dll
0x00007ff90aec0000 - 0x00007ff90b59a000 	C:\Xilinx\Vivado\2019.1\lib\win64.o\librdi_coregenipxact.dll
0x00007ff904fb0000 - 0x00007ff908ff3000 	C:\Xilinx\Vivado\2019.1\lib\win64.o\librdi_designutils.dll
0x00007ff909000000 - 0x00007ff90aeb1000 	C:\Xilinx\Vivado\2019.1\lib\win64.o\librdi_coregen.dll
0x00007ff904c90000 - 0x00007ff904fae000 	C:\Xilinx\Vivado\2019.1\lib\win64.o\librdi_dlyest.dll
0x00007ff8b6950000 - 0x00007ff8c8d7c000 	C:\Xilinx\Vivado\2019.1\lib\win64.o\librdi_device.dll
0x00007ff914d20000 - 0x00007ff914de4000 	C:\Xilinx\Vivado\2019.1\lib\win64.o\librdi_dsp.dll
0x00007ff903d60000 - 0x00007ff9042fa000 	C:\Xilinx\Vivado\2019.1\lib\win64.o\librdi_drc.dll
0x00007ff903710000 - 0x00007ff903d5d000 	C:\Xilinx\Vivado\2019.1\lib\win64.o\librdi_filemgmt.dll
0x00007ff93e780000 - 0x00007ff93e7e5000 	C:\Xilinx\Vivado\2019.1\lib\win64.o\librdi_hdf.dll
0x00007ff9049a0000 - 0x00007ff904c83000 	C:\Xilinx\Vivado\2019.1\lib\win64.o\librdi_guitools.dll
0x00007ff901b30000 - 0x00007ff902145000 	C:\Xilinx\Vivado\2019.1\lib\win64.o\librdi_memdata.dll
0x00007ff902150000 - 0x00007ff903710000 	C:\Xilinx\Vivado\2019.1\lib\win64.o\librdi_implflow.dll
0x00007ff93c0a0000 - 0x00007ff93c113000 	C:\Xilinx\Vivado\2019.1\lib\win64.o\librdi_memoryarray.dll
0x00007ff8fee40000 - 0x00007ff901b26000 	C:\Xilinx\Vivado\2019.1\lib\win64.o\librdi_mig.dll
0x00007ff8fe790000 - 0x00007ff8fee32000 	C:\Xilinx\Vivado\2019.1\lib\win64.o\librdi_netlist.dll
0x00007ff94f4c0000 - 0x00007ff94f50b000 	C:\Xilinx\Vivado\2019.1\lib\win64.o\librdi_pfi.dll
0x00007ff8fe480000 - 0x00007ff8fe78f000 	C:\Xilinx\Vivado\2019.1\lib\win64.o\librdi_platform.dll
0x00007ff8f3b70000 - 0x00007ff8f61e6000 	C:\Xilinx\Vivado\2019.1\lib\win64.o\librdi_place.dll
0x00007ff8fdd30000 - 0x00007ff8fe47a000 	C:\Xilinx\Vivado\2019.1\lib\win64.o\librdi_power.dll
0x00007ff8fd7b0000 - 0x00007ff8fdd2f000 	C:\Xilinx\Vivado\2019.1\lib\win64.o\librdi_project.dll
0x00007ff8fd0a0000 - 0x00007ff8fd7a9000 	C:\Xilinx\Vivado\2019.1\lib\win64.o\librdi_psta.dll
0x00007ff8fb3f0000 - 0x00007ff8fbaf6000 	C:\Xilinx\Vivado\2019.1\lib\win64.o\librdi_rsb.dll
0x00007ff8faff0000 - 0x00007ff8fb3e1000 	C:\Xilinx\Vivado\2019.1\lib\win64.o\librdi_runs.dll
0x00007ff9048a0000 - 0x00007ff90499a000 	C:\Xilinx\Vivado\2019.1\lib\win64.o\librdi_runsbase.dll
0x00007ff8f2d50000 - 0x00007ff8f3b61000 	C:\Xilinx\Vivado\2019.1\lib\win64.o\librdi_timing.dll
0x00007ff8fce40000 - 0x00007ff8fd096000 	C:\Xilinx\Vivado\2019.1\lib\win64.o\librdi_simdata.dll
0x00007ff904440000 - 0x00007ff9045b2000 	C:\Xilinx\Vivado\2019.1\lib\win64.o\librdi_advchipscopeimpl.dll
0x00007ff93fb70000 - 0x00007ff93fbbc000 	C:\Xilinx\Vivado\2019.1\lib\win64.o\libboost_serialization.dll
0x00007ff8fae50000 - 0x00007ff8fafef000 	C:\Xilinx\Vivado\2019.1\lib\win64.o\librdi_hip_devdesign.dll
0x00007ff8fcd70000 - 0x00007ff8fce32000 	C:\Xilinx\Vivado\2019.1\lib\win64.o\librdi_ipconfig_readwrite.dll
0x00007ff93d6e0000 - 0x00007ff93d723000 	C:\Xilinx\Vivado\2019.1\lib\win64.o\librdi_noc_frameworks.dll
0x00007ff8f2200000 - 0x00007ff8f2d47000 	C:\Xilinx\Vivado\2019.1\lib\win64.o\libverific.dll
0x00007ff8faa60000 - 0x00007ff8fae45000 	C:\Xilinx\Vivado\2019.1\lib\win64.o\librdi_hip_config.dll
0x00007ff8f1cb0000 - 0x00007ff8f21fe000 	C:\Xilinx\Vivado\2019.1\lib\win64.o\librdi_xdm.dll
0x00007ff8fa9c0000 - 0x00007ff8faa5e000 	C:\Xilinx\Vivado\2019.1\lib\win64.o\libise.dll
0x00007ff8f16b0000 - 0x00007ff8f1cac000 	C:\Xilinx\Vivado\2019.1\lib\win64.o\librdi_wavedata.dll
0x00007ff93e570000 - 0x00007ff93e5b0000 	C:\Xilinx\Vivado\2019.1\lib\win64.o\librdi_wavedata_SimpleApi.dll
0x00007ff93db90000 - 0x00007ff93dbcf000 	C:\Xilinx\Vivado\2019.1\lib\win64.o\librdi_schedmon.dll
0x00007ff8f0520000 - 0x00007ff8f16ad000 	C:\Xilinx\Vivado\2019.1\lib\win64.o\librdi_route.dll
0x00007ff8e63d0000 - 0x00007ff8e839d000 	C:\Xilinx\Vivado\2019.1\lib\win64.o\librdi_synth.dll
0x00007ff9043b0000 - 0x00007ff904438000 	C:\Xilinx\Vivado\2019.1\lib\win64.o\librdi_meir_core.dll

VM Arguments:
jvm_args: -Dsun.java2d.pmoffscreen=false -Dsun.java2d.xrender=false -Dsun.java2d.d3d=false -Dsun.awt.nopixfmt=true -Dsun.java2d.dpiaware=true -Dsun.java2d.uiScale.enabled=false -Xverify:none -Dswing.aatext=true -XX:-UsePerfData -Djdk.map.althashing.threshold=512 -XX:StringTableSize=4072 --add-opens=java.base/java.nio=ALL-UNNAMED --add-opens=java.desktop/sun.swing=ALL-UNNAMED --add-opens=java.desktop/javax.swing=ALL-UNNAMED --add-opens=java.desktop/javax.swing.tree=ALL-UNNAMED --add-opens=java.desktop/javax.swing.plaf.basic=ALL-UNNAMED --add-opens=java.desktop/javax.swing.plaf.synth=ALL-UNNAMED --add-opens=java.desktop/com.sun.awt=ALL-UNNAMED -XX:NewSize=60m -XX:MaxNewSize=60m -Xms128m -Xmx3072m -Xss5m 
java_command: <unknown>
java_class_path (initial): C:/Xilinx/Vivado/2019.1\lib\classes\alloy.jar;C:/Xilinx/Vivado/2019.1\lib\classes\autopilot.scelaborator.jar;C:/Xilinx/Vivado/2019.1\lib\classes\autopilot.sourceprocessor.jar;C:/Xilinx/Vivado/2019.1\lib\classes\autopilot.tbprocessor.jar;C:/Xilinx/Vivado/2019.1\lib\classes\batik-anim.jar;C:/Xilinx/Vivado/2019.1\lib\classes\batik-awt-util.jar;C:/Xilinx/Vivado/2019.1\lib\classes\batik-bridge.jar;C:/Xilinx/Vivado/2019.1\lib\classes\batik-codec.jar;C:/Xilinx/Vivado/2019.1\lib\classes\batik-css.jar;C:/Xilinx/Vivado/2019.1\lib\classes\batik-dom.jar;C:/Xilinx/Vivado/2019.1\lib\classes\batik-ext.jar;C:/Xilinx/Vivado/2019.1\lib\classes\batik-gui-util.jar;C:/Xilinx/Vivado/2019.1\lib\classes\batik-gvt.jar;C:/Xilinx/Vivado/2019.1\lib\classes\batik-parser.jar;C:/Xilinx/Vivado/2019.1\lib\classes\batik-script.jar;C:/Xilinx/Vivado/2019.1\lib\classes\batik-svg-dom.jar;C:/Xilinx/Vivado/2019.1\lib\classes\batik-swing.jar;C:/Xilinx/Vivado/2019.1\lib\classes\batik-transcoder.jar;C:/Xilinx/Vivado/2019.1\lib\classes\batik-util.jar;C:/Xilinx/Vivado/2019.1\lib\classes\batik-xml.jar;C:/Xilinx/Vivado/2019.1\lib\classes\com.google.gson_2.7.0.v20170129-0911.jar;C:/Xilinx/Vivado/2019.1\lib\classes\com.google.guava_21.0.0.v20170206-1425.jar;C:/Xilinx/Vivado/2019.1\lib\classes\com.google.inject_3.0.0.v201605172100.jar;C:/Xilinx/Vivado/2019.1\lib\classes\com.ibm.icu_4.4.2.v20110208.jar;C:/Xilinx/Vivado/2019.1\lib\classes\com.sigasi.hdt.annotations.runtime_4.3.0.201903071210.jar;C:/Xilinx/Vivado/2019.1\lib\classes\com.sigasi.hdt.blockdiagram.model_4.3.0.201903071210.jar;C:/Xilinx/Vivado/2019.1\lib\classes\com.sigasi.hdt.connection_4.3.0.201903071210.jar;C:/Xilinx/Vivado/2019.1\lib\classes\com.sigasi.hdt.dependencies.model_4.3.0.201903071210.jar;C:/Xilinx/Vivado/2019.1\lib\classes\com.sigasi.hdt.epl_4.3.0.201903071210.jar;C:/Xilinx/Vivado/2019.1\lib\classes\com.sigasi.hdt.graphics.model_4.3.0.201903071210.jar;C:/Xilinx/Vivado/2019.1\lib\classes\com.sigasi.hdt.project_4.3.0
Launcher Type: generic

Logging:
Log output configuration:
#0: stdout all=warning uptime,level,tags
#1: stderr all=off uptime,level,tags

Environment Variables:
JAVA_HOME=C:\JAVA\jdk-8u201-windows-x64
PATH=C:/Xilinx/Vivado/2019.1/bin;C:/Xilinx/Vivado/2019.1/lib/win64.o;C:/Xilinx/Vivado/2019.1/tps/win64/jre9.0.4/bin/server;C:/Xilinx/Vivado/2019.1/tps/win64/jre9.0.4/bin;C:/Xilinx/SDK/2019.1/bin;C:/Xilinx/Vivado/2019.1/ids_lite/ISE/bin/nt64;C:/Xilinx/Vivado/2019.1/ids_lite/ISE/lib/nt64;C:\Program Files (x86)\NetSarang\Xftp 6\;C:\Program Files (x86)\NetSarang\Xshell 6\;C:\Program Files (x86)\Common Files\Oracle\Java\javapath;¡±C:\JAVA\jdk-8u201-windows-x64\bin;;C:\Program Files (x86)\Intel\iCLS Client\;C:\Program Files\Intel\iCLS Client\;C:\Windows\system32;C:\Windows;C:\Windows\System32\Wbem;C:\Windows\System32\WindowsPowerShell\v1.0\;C:\Program Files (x86)\Intel\Intel(R) Management Engine Components\DAL;C:\Program Files\Intel\Intel(R) Management Engine Components\DAL;C:\Program Files (x86)\Intel\Intel(R) Management Engine Components\IPT;C:\Program Files\Intel\Intel(R) Management Engine Components\IPT;C:\Program Files (x86)\NVIDIA Corporation\PhysX\Common;C:\WINDOWS\System32\OpenSSH\;C:\Text\x86_64-8.1.0-release-posix-seh-rt_v6-rev01\mingw64\bin;C:\Program Files\Intel\WiFi\bin\;C:\Program Files\Common Files\Intel\WirelessCommon\;C:\Users\ÂÀÈð\AppData\Local\Programs\Python;C;\Program Files\MATLAB\R2019a\bin;C:\Text\x86_64-8.1.0-release-posix-seh-rt_v6-rev01\mingw64\bin\gdb;C:\Program Files\Git\cmd;C:\Program Files\Pandoc\;C:\Users\ÂÀÈð\AppData\Local\Programs\Python\Python37\Lib\site-packages\django;C:\Users\ÂÀÈð\AppData\Local\Programs\Python\Python37\Scripts;C:\Program Files\nodejs\;C:\ProgramData\chocolatey\bin;C:\Users\ÂÀÈð\AppData\Local\Programs\Microsoft VS Code;C:\Program Files\MongoDB\Server\4.4\bin;C:\texlive\2020\bin\win32;D:\mysql-8.0.23-winx64\bin;C:\Anaconda;C:\Anaconda\Library\mingw-w64\bin;C:\Anaconda\Library\usr\bin;C:\Anaconda\Library\bin;C:\Anaconda\Scripts;\Users\ÂÀÈð\AppData\Local\Programs\Python\Python37\;%;SERPROFILE%\AppData\Local\Microsoft\WindowsApps;C:\Users\ÂÀÈð\AppData\Local\Programs\Microsoft VS Code\bin;yCharm%;C:\Users\ÂÀÈð\AppData\Local\Mic
USERNAME=ÂÀÈð
OS=Windows_NT
PROCESSOR_IDENTIFIER=Intel64 Family 6 Model 142 Stepping 10, GenuineIntel



---------------  S Y S T E M  ---------------

OS: Windows 10 , 64 bit Build 19041 (10.0.19041.928)

CPU:total 8 (initial active 8) (4 cores per cpu, 2 threads per core) family 6 model 142 stepping 10, cmov, cx8, fxsr, mmx, sse, sse2, sse3, ssse3, sse4.1, sse4.2, popcnt, avx, avx2, aes, clmul, erms, 3dnowpref, lzcnt, ht, tsc, tscinvbit, bmi1, bmi2, adx, fma

Memory: 4k page, physical 8269924k(1764848k free), swap 17553276k(4513276k free)

vm_info: Java HotSpot(TM) 64-Bit Server VM (9.0.4+11) for windows-amd64 JRE (9.0.4+11), built on Dec 20 2017 02:18:54 by "mach5one" with MS VC++ 12.0 (VS2013)

END.
