#
# A fatal error has been detected by the Java Runtime Environment:
#
#  EXCEPTION_ACCESS_VIOLATION (0xc0000005) at pc=0x00007ffca6fb1439, pid=14512, tid=23836
#
# JRE version: Java(TM) SE Runtime Environment (9.0+11) (build 9.0.4+11)
# Java VM: Java HotSpot(TM) 64-Bit Server VM (9.0.4+11, mixed mode, tiered, compressed oops, g1 gc, windows-amd64)
# Problematic frame:
# C  0x00007ffca6fb1439
#
# No core dump will be written. Minidumps are not enabled by default on client versions of Windows
#
# If you would like to submit a bug report, please visit:
#   http://bugreport.java.com/bugreport/crash.jsp
# The crash happened outside the Java Virtual Machine in native code.
# See problematic frame for where to report the bug.
#

---------------  S U M M A R Y ------------

Command Line: -Dsun.java2d.pmoffscreen=false -Dsun.java2d.xrender=false -Dsun.java2d.d3d=false -Dsun.awt.nopixfmt=true -Dsun.java2d.dpiaware=true -Dsun.java2d.uiScale.enabled=false -Xverify:none -Dswing.aatext=true -XX:-UsePerfData -Djdk.map.althashing.threshold=512 -XX:StringTableSize=4072 --add-opens=java.base/java.nio=ALL-UNNAMED --add-opens=java.desktop/sun.swing=ALL-UNNAMED --add-opens=java.desktop/javax.swing=ALL-UNNAMED --add-opens=java.desktop/javax.swing.tree=ALL-UNNAMED --add-opens=java.desktop/javax.swing.plaf.basic=ALL-UNNAMED --add-opens=java.desktop/javax.swing.plaf.synth=ALL-UNNAMED --add-opens=java.desktop/com.sun.awt=ALL-UNNAMED -XX:NewSize=60m -XX:MaxNewSize=60m -Xms128m -Xmx3072m -Xss5m 

Host: Intel(R) Core(TM) i5-8250U CPU @ 1.60GHz, 8 cores, 7G,  Windows 10 , 64 bit Build 19041 (10.0.19041.928)
Time: Wed May 05 20:36:40 2021 ?D1¨²¡À¨º¡Á?¨º¡À?? elapsed time: 513 seconds (0d 0h 8m 33s)

---------------  T H R E A D  ---------------

Current thread (0x0000017f51242000):  JavaThread "AWT-EventQueue-1" [_thread_in_native, id=23836, stack(0x000000193d500000,0x000000193da00000)]

Stack: [0x000000193d500000,0x000000193da00000],  sp=0x000000193d9fa700,  free space=5097k
Native frames: (J=compiled Java code, j=interpreted, Vv=VM code, C=native code)
C  0x00007ffca6fb1439
C  0x00007ffca6fc5107
C  0x00007ffca6fc4e12
C  0x00007ffca6faac06
C  [librdi_wavedata.dll+0x125e90]
C  [librdi_wavedata.dll+0x148744]
C  [librdi_wavedata.dll+0x1e1cce]
C  [librdi_wavedata.dll+0x1e1bef]
C  [librdi_wavedata.dll+0x20cb0a]
C  [librdi_wavedata.dll+0x20aede]
C  [librdi_wavedata.dll+0x26873b]
C  [librdi_wavedata.dll+0x26a153]
C  [librdi_wavedata.dll+0x242ea0]
C  [librdi_wavedata.dll+0x242f1d]
C  [librdi_wavedata.dll+0x242fc1]
C  [librdi_wavedata.dll+0x2695c4]
C  [librdi_wavedata.dll+0x239546]
C  [librdi_wavedata.dll+0x239315]
C  [librdi_wavedata.dll+0x275c1f]
C  0x0000017f37cb921c

Java frames: (J=compiled Java code, j=interpreted, Vv=VM code)
j  ui.views.waveform.waveformi.WVExecutive_getGraphicsDataSize(J)J+0
j  ui.views.waveform.executive.a.gEt()Ljava/io/ByteArrayInputStream;+8
j  ui.views.waveform.b.a.gEf()V+7
j  ui.views.waveform.b.a.fOl()V+1
j  ui.views.waveform.m.gDo()V+4
j  ui.views.waveform.m.cRi()V+11
j  ui.views.waveform.w.cRi()V+29
j  ui.views.waveform.c.b.j(Lui/frmwork/b/i;)V+92
j  ui.views.waveform.w.a(Lui/frmwork/b/i;)V+13
J 16037 c1 ui.frmwork.b.l.d(Lui/frmwork/b/i;)V (61 bytes) @ 0x0000017f382fbe1c [0x0000017f382fb5c0+0x000000000000085c]
J 16025 c1 ui.frmwork.HTclEventBroker.i(JZ)V (471 bytes) @ 0x0000017f3a6e102c [0x0000017f3a6dc840+0x00000000000047ec]
J 16030 c1 ui.frmwork.HTclEventBroker.fireTclEvent(J)I (113 bytes) @ 0x0000017f3a6ea34c [0x0000017f3a6e9b40+0x000000000000080c]
v  ~StubRoutines::call_stub
j  ui.views.waveform.waveformi.WVExecutive_processModelEvent(JJ)V+0
j  ui.views.waveform.executive.a.eE(J)V+5
j  ui.views.waveform.c.b.eD(J)V+8
j  ui.views.waveform.c.b.j(Lui/frmwork/b/i;)V+133
j  ui.views.waveform.w.a(Lui/frmwork/b/i;)V+13
J 16037 c1 ui.frmwork.b.l.d(Lui/frmwork/b/i;)V (61 bytes) @ 0x0000017f382fbe1c [0x0000017f382fb5c0+0x000000000000085c]
J 16025 c1 ui.frmwork.HTclEventBroker.i(JZ)V (471 bytes) @ 0x0000017f3a6e102c [0x0000017f3a6dc840+0x00000000000047ec]
j  ui.frmwork.HTclEventBroker.cS(J)V+3
j  ui.frmwork.HTclEventBroker$$Lambda$205.run()V+8
J 13582 c2 java.awt.EventQueue$3.run()Ljava/lang/Object; java.desktop@9.0.4 (5 bytes) @ 0x0000017f3f9e06e4 [0x0000017f3f9dff00+0x00000000000007e4]
v  ~StubRoutines::call_stub
J 3760  java.security.AccessController.doPrivileged(Ljava/security/PrivilegedAction;Ljava/security/AccessControlContext;)Ljava/lang/Object; java.base@9.0.4 (0 bytes) @ 0x0000017f3f966646 [0x0000017f3f9665e0+0x0000000000000066]
J 13498 c2 ui.frmwork.b.d.dispatchEvent(Ljava/awt/AWTEvent;)V (34 bytes) @ 0x0000017f3f8a2180 [0x0000017f3f8a1b60+0x0000000000000620]
J 16199 c2 java.awt.EventDispatchThread.pumpOneEventForFilters(I)V java.desktop@9.0.4 (218 bytes) @ 0x0000017f3fe15910 [0x0000017f3fe15680+0x0000000000000290]
j  java.awt.EventDispatchThread.pumpEventsForFilter(ILjava/awt/Conditional;Ljava/awt/EventFilter;)V+35 java.desktop@9.0.4
j  java.awt.EventDispatchThread.pumpEventsForHierarchy(ILjava/awt/Conditional;Ljava/awt/Component;)V+11 java.desktop@9.0.4
j  java.awt.EventDispatchThread.pumpEvents(ILjava/awt/Conditional;)V+4 java.desktop@9.0.4
j  java.awt.EventDispatchThread.pumpEvents(Ljava/awt/Conditional;)V+3 java.desktop@9.0.4
j  java.awt.EventDispatchThread.run()V+9 java.desktop@9.0.4
v  ~StubRoutines::call_stub

siginfo: EXCEPTION_ACCESS_VIOLATION (0xc0000005), reading address 0x0000000000000044


Register to memory mapping:

RIP=0x00007ffca6fb1439 is an unknown value
RAX=0x0000017f545ec950 is an unknown value
RBX=0x0000017f565c2ad0 is an unknown value
RCX=0x0000000000000000 is an unknown value
RDX=0x0000017f592eebb0 is an unknown value
RSP=0x000000193d9fa700 is pointing into the stack for thread: 0x0000017f51242000
RBP=0x000000193d9fa8a0 is pointing into the stack for thread: 0x0000017f51242000
RSI=0x0000000000000000 is an unknown value
RDI=0x000000193d9fa860 is pointing into the stack for thread: 0x0000017f51242000
R8 =0x000000193d9fa7a0 is pointing into the stack for thread: 0x0000017f51242000
R9 =0x0000000000000018 is an unknown value
R10=0x0000000000000000 is an unknown value
R11=0x002000000000000d is an unknown value
R12=0x0000017f52bb6720 is an unknown value
R13=0x0000000000000001 is an unknown value
R14=0x0000017f592eebb0 is an unknown value
R15=0x000000193d9fa7a0 is pointing into the stack for thread: 0x0000017f51242000


Registers:
RAX=0x0000017f545ec950, RBX=0x0000017f565c2ad0, RCX=0x0000000000000000, RDX=0x0000017f592eebb0
RSP=0x000000193d9fa700, RBP=0x000000193d9fa8a0, RSI=0x0000000000000000, RDI=0x000000193d9fa860
R8 =0x000000193d9fa7a0, R9 =0x0000000000000018, R10=0x0000000000000000, R11=0x002000000000000d
R12=0x0000017f52bb6720, R13=0x0000000000000001, R14=0x0000017f592eebb0, R15=0x000000193d9fa7a0
RIP=0x00007ffca6fb1439, EFLAGS=0x0000000000010206

Top of Stack: (sp=0x000000193d9fa700)
0x000000193d9fa700:   000000193d9fae30 0000000000000000
0x000000193d9fa710:   0000000000000000 0000017f52bb6720
0x000000193d9fa720:   0000017f565c2ad0 0000000000000002
0x000000193d9fa730:   fffffffffffffffe 00007ffcf740fde6
0x000000193d9fa740:   0000000000000000 00000000000004f8
0x000000193d9fa750:   000000193d9fae30 0000000000005800
0x000000193d9fa760:   000000193d9fa860 00007ffca6fc5107
0x000000193d9fa770:   00000000000004f8 0000017f565c2ad0
0x000000193d9fa780:   0000017f545ec950 0000017f52858a68
0x000000193d9fa790:   0000017f565c2ad0 00007ffca6fc4e12
0x000000193d9fa7a0:   0000017f565c2ad0 0000017f52858a40
0x000000193d9fa7b0:   0000000000000002 0000017f52858a40
0x000000193d9fa7c0:   0000017f52858a40 3ff0000000000000
0x000000193d9fa7d0:   0000000000000000 0000017f52bb6720
0x000000193d9fa7e0:   0000017f51242000 0000017f52859210
0x000000193d9fa7f0:   0000000000000001 0000017f00000000 

Instructions: (pc=0x00007ffca6fb1439)
0x00007ffca6fb1419:   50 48 c7 44 24 30 fe ff ff ff 48 89 5c 24 78 48
0x00007ffca6fb1429:   89 b4 24 80 00 00 00 4d 8b f8 4c 8b f2 48 8b f1
0x00007ffca6fb1439:   83 79 44 00 75 07 33 c0 e9 da 00 00 00 33 db 39
0x00007ffca6fb1449:   59 44 75 04 8b c3 eb 06 48 8b 41 48 8b 00 8b d0 



---------------  P R O C E S S  ---------------

Java Threads: ( => current thread )
  0x0000017f55810000 JavaThread "Relaunch Simulation" [_thread_blocked, id=13996, stack(0x0000001941900000,0x0000001941e00000)]
  0x0000017f55813000 JavaThread "Monitor File Timestamp Swing Worker" [_thread_blocked, id=3588, stack(0x0000001941400000,0x0000001941900000)]
  0x0000017f55816000 JavaThread "Timer-2" [_thread_blocked, id=4844, stack(0x0000001940800000,0x0000001940d00000)]
  0x0000017f55818800 JavaThread "Thread-172" [_thread_in_native, id=22384, stack(0x000000193f700000,0x000000193f800000)]
  0x0000017f55812800 JavaThread "Image Animator 0" daemon [_thread_blocked, id=1792, stack(0x0000001942d00000,0x0000001943200000)]
  0x0000017f55811800 JavaThread "SyntheticaAnimation 50" daemon [_thread_blocked, id=11712, stack(0x000000193da00000,0x000000193df00000)]
  0x0000017f55815800 JavaThread "Update Runs Swing Worker" [_thread_blocked, id=21540, stack(0x0000001940f00000,0x0000001941400000)]
  0x0000017f2cc13800 JavaThread "hw_ila_monitor" [_thread_blocked, id=20624, stack(0x000000193c600000,0x000000193cb00000)]
  0x0000017f2cc17000 JavaThread "Refresh Filesets Swing Worker" [_thread_blocked, id=5460, stack(0x0000001940000000,0x0000001940500000)]
  0x0000017f2cc12000 JavaThread "SyntheticaAnimation 70" daemon [_thread_blocked, id=15912, stack(0x000000193fb00000,0x0000001940000000)]
  0x0000017f2cc14000 JavaThread "SyntheticaAnimation 25" daemon [_thread_blocked, id=18912, stack(0x000000193f100000,0x000000193f600000)]
  0x0000017f2cc12800 JavaThread "SyntheticaAnimation 50" daemon [_thread_blocked, id=23940, stack(0x000000193ec00000,0x000000193f100000)]
  0x0000017f2cc15800 JavaThread "Monitor HEventQueue" [_thread_blocked, id=18332, stack(0x000000193e700000,0x000000193ec00000)]
  0x0000017f2cc15000 JavaThread "SyntheticaCleanerThread" daemon [_thread_blocked, id=19964, stack(0x000000193df00000,0x000000193e400000)]
  0x0000017f2cc11000 JavaThread "Batik CleanerThread" daemon [_thread_blocked, id=3924, stack(0x000000193cb00000,0x000000193d000000)]
=>0x0000017f51242000 JavaThread "AWT-EventQueue-1" [_thread_in_native, id=23836, stack(0x000000193d500000,0x000000193da00000)]
  0x0000017f51241000 JavaThread "Process Messages" [_thread_blocked, id=23728, stack(0x000000193d000000,0x000000193d500000)]
  0x0000017f5090f000 JavaThread "Thread-1" [_thread_in_native, id=22560, stack(0x0000001935e00000,0x0000001937200000)]
  0x0000017f51e89000 JavaThread "TimerQueue" daemon [_thread_blocked, id=9776, stack(0x000000193c100000,0x000000193c600000)]
  0x0000017f50853800 JavaThread "AWT-Windows" daemon [_thread_in_native, id=12576, stack(0x000000193bc00000,0x000000193c100000)]
  0x0000017f504db800 JavaThread "AWT-Shutdown" [_thread_blocked, id=5484, stack(0x000000193b700000,0x000000193bc00000)]
  0x0000017f2eb35800 JavaThread "Java2D Disposer" daemon [_thread_blocked, id=5488, stack(0x000000193b200000,0x000000193b700000)]
  0x0000017f2cddc800 JavaThread "Service Thread" daemon [_thread_blocked, id=17148, stack(0x000000193ac00000,0x000000193b100000)]
  0x0000017f2bd12800 JavaThread "Common-Cleaner" daemon [_thread_blocked, id=22336, stack(0x000000193a700000,0x000000193ac00000)]
  0x0000017f2cc16800 JavaThread "Sweeper thread" daemon [_thread_blocked, id=13396, stack(0x000000193a200000,0x000000193a700000)]
  0x0000017f2eca8000 JavaThread "C1 CompilerThread3" daemon [_thread_blocked, id=23980, stack(0x000000193a100000,0x000000193a200000)]
  0x0000017f2eca7800 JavaThread "C2 CompilerThread2" daemon [_thread_blocked, id=16660, stack(0x000000193a000000,0x000000193a100000)]
  0x0000017f2bce7000 JavaThread "C2 CompilerThread1" daemon [_thread_blocked, id=7148, stack(0x0000001939f00000,0x000000193a000000)]
  0x0000017f2bce6800 JavaThread "C2 CompilerThread0" daemon [_thread_blocked, id=22496, stack(0x0000001939e00000,0x0000001939f00000)]
  0x0000017f28bce800 JavaThread "Attach Listener" daemon [_thread_blocked, id=24056, stack(0x0000001939900000,0x0000001939e00000)]
  0x0000017f2bb38000 JavaThread "Signal Dispatcher" daemon [_thread_blocked, id=6028, stack(0x0000001939400000,0x0000001939900000)]
  0x0000017f2bb37800 JavaThread "Finalizer" daemon [_thread_blocked, id=11700, stack(0x0000001938f00000,0x0000001939400000)]
  0x0000017f2bd01000 JavaThread "Reference Handler" daemon [_thread_blocked, id=14292, stack(0x0000001938a00000,0x0000001938f00000)]
  0x0000017f2e7bc800 JavaThread "main" [_thread_blocked, id=12564, stack(0x0000001937400000,0x0000001937500000)]

Other Threads:
  0x0000017f256c3000 VMThread "VM Thread" [stack: 0x0000001938900000,0x0000001938a00000] [id=6936]
  0x0000017f2cef6800 WatcherThread [stack: 0x000000193b100000,0x000000193b200000] [id=22924]
  0x0000017f2ebb7800 GCTaskThread "GC Thread#0" [stack: 0x0000001937500000,0x0000001937600000] [id=19572]
  0x0000017f3077b800 GCTaskThread "GC Thread#1" [stack: 0x0000001937600000,0x0000001937700000] [id=23572]
  0x0000017f3077b000 GCTaskThread "GC Thread#2" [stack: 0x0000001937700000,0x0000001937800000] [id=24356]
  0x0000017f3077d000 GCTaskThread "GC Thread#3" [stack: 0x0000001937800000,0x0000001937900000] [id=2708]
  0x0000017f3077a800 GCTaskThread "GC Thread#4" [stack: 0x0000001937900000,0x0000001937a00000] [id=19472]
  0x0000017f3077d800 GCTaskThread "GC Thread#5" [stack: 0x0000001937a00000,0x0000001937b00000] [id=14344]
  0x0000017f3077c000 GCTaskThread "GC Thread#6" [stack: 0x0000001937b00000,0x0000001937c00000] [id=16740]
  0x0000017f2eace000 GCTaskThread "GC Thread#7" [stack: 0x0000001937c00000,0x0000001937d00000] [id=18596]
  0x0000017f2ccba000 ConcurrentGCThread "G1 Main Marker" [stack: 0x0000001938600000,0x0000001938700000] [id=17668]
  0x0000017f2eacd000 ConcurrentGCThread "G1 Marker#0" [stack: 0x0000001938700000,0x0000001938800000] [id=16648]
  0x0000017f2eaca800 ConcurrentGCThread "G1 Marker#1" [stack: 0x0000001938800000,0x0000001938900000] [id=8384]
  0x0000017f2ccb3000 ConcurrentGCThread "G1 Refine#0" [stack: 0x0000001938400000,0x0000001938500000] [id=568]
  0x0000017f2ccb2800 ConcurrentGCThread "G1 Refine#1" [stack: 0x0000001938300000,0x0000001938400000] [id=24360]
  0x0000017f2ccb5000 ConcurrentGCThread "G1 Refine#2" [stack: 0x0000001938200000,0x0000001938300000] [id=10028]
  0x0000017f2ccb2000 ConcurrentGCThread "G1 Refine#3" [stack: 0x0000001938100000,0x0000001938200000] [id=2264]
  0x0000017f2ccb0800 ConcurrentGCThread "G1 Refine#4" [stack: 0x0000001938000000,0x0000001938100000] [id=17996]
  0x0000017f2ef9a800 ConcurrentGCThread "G1 Refine#5" [stack: 0x0000001937f00000,0x0000001938000000] [id=6284]
  0x0000017f2ef9a000 ConcurrentGCThread "G1 Refine#6" [stack: 0x0000001937e00000,0x0000001937f00000] [id=12628]
  0x0000017f2eb0d000 ConcurrentGCThread "G1 Refine#7" [stack: 0x0000001937d00000,0x0000001937e00000] [id=17072]
  0x0000017f2ccb1800 ConcurrentGCThread "G1 Young RemSet Sampling" [stack: 0x0000001938500000,0x0000001938600000] [id=3012]

Threads with active compile tasks:

VM state:not at safepoint (normal execution)

VM Mutex/Monitor currently owned by a thread: None

Heap address: 0x0000000700000000, size: 3072 MB, Compressed Oops mode: Zero based, Oop shift amount: 3
Narrow klass base: 0x0000000000000000, Narrow klass shift: 3
Compressed class space size: 1073741824 Address: 0x00000007c0000000

Heap:
 garbage-first heap   total 189440K, used 117288K [0x0000000700000000, 0x00000007001005c8, 0x00000007c0000000)
  region size 1024K, 51 young (52224K), 2 survivors (2048K)
 Metaspace       used 81385K, capacity 87505K, committed 87580K, reserved 1124352K
  class space    used 11191K, capacity 12273K, committed 12316K, reserved 1048576K
Heap Regions: E=young(eden), S=young(survivor), O=old, HS=humongous(starts), HC=humongous(continues), CS=collection set, F=free, A=archive, TS=gc time stamp, AC=allocation context, TAMS=top-at-mark-start (previous, next)
|   0|0x0000000700000000, 0x00000007000ff120, 0x0000000700100000| 99%| O|  |TS  0|AC  0|TAMS 0x0000000700000000, 0x0000000700000000|
|   1|0x0000000700100000, 0x0000000700200000, 0x0000000700200000|100%|HS|  |TS  0|AC  0|TAMS 0x0000000700100000, 0x0000000700100000|
|   2|0x0000000700200000, 0x0000000700300000, 0x0000000700300000|100%|HC|  |TS  0|AC  0|TAMS 0x0000000700200000, 0x0000000700200000|
|   3|0x0000000700300000, 0x0000000700400000, 0x0000000700400000|100%|HS|  |TS  0|AC  0|TAMS 0x0000000700300000, 0x0000000700300000|
|   4|0x0000000700400000, 0x00000007004fe580, 0x0000000700500000| 99%| O|  |TS  0|AC  0|TAMS 0x0000000700400000, 0x0000000700400000|
|   5|0x0000000700500000, 0x00000007005ffff8, 0x0000000700600000| 99%| O|  |TS  0|AC  0|TAMS 0x0000000700500000, 0x0000000700500000|
|   6|0x0000000700600000, 0x0000000700700000, 0x0000000700700000|100%| O|  |TS  0|AC  0|TAMS 0x0000000700600000, 0x0000000700600000|
|   7|0x0000000700700000, 0x00000007007fffe8, 0x0000000700800000| 99%| O|  |TS  0|AC  0|TAMS 0x0000000700700000, 0x0000000700700000|
|   8|0x0000000700800000, 0x0000000700900000, 0x0000000700900000|100%| O|  |TS  0|AC  0|TAMS 0x0000000700800000, 0x0000000700800000|
|   9|0x0000000700900000, 0x00000007009f8f78, 0x0000000700a00000| 97%| O|  |TS  0|AC  0|TAMS 0x0000000700900000, 0x0000000700900000|
|  10|0x0000000700a00000, 0x0000000700affff8, 0x0000000700b00000| 99%| O|  |TS  0|AC  0|TAMS 0x0000000700a00000, 0x0000000700a00000|
|  11|0x0000000700b00000, 0x0000000700bfef98, 0x0000000700c00000| 99%| O|  |TS  0|AC  0|TAMS 0x0000000700b00000, 0x0000000700b00000|
|  12|0x0000000700c00000, 0x0000000700cf7690, 0x0000000700d00000| 96%| O|  |TS  0|AC  0|TAMS 0x0000000700c00000, 0x0000000700c00000|
|  13|0x0000000700d00000, 0x0000000700dffc00, 0x0000000700e00000| 99%| O|  |TS  0|AC  0|TAMS 0x0000000700d00000, 0x0000000700d00000|
|  14|0x0000000700e00000, 0x0000000700eff000, 0x0000000700f00000| 99%| O|  |TS  0|AC  0|TAMS 0x0000000700e00000, 0x0000000700e00000|
|  15|0x0000000700f00000, 0x0000000700fffff0, 0x0000000701000000| 99%| O|  |TS  0|AC  0|TAMS 0x0000000700f00000, 0x0000000700f00000|
|  16|0x0000000701000000, 0x00000007010ffff0, 0x0000000701100000| 99%| O|  |TS  0|AC  0|TAMS 0x0000000701000000, 0x0000000701000000|
|  17|0x0000000701100000, 0x00000007011ffff8, 0x0000000701200000| 99%| O|  |TS  0|AC  0|TAMS 0x0000000701100000, 0x0000000701100000|
|  18|0x0000000701200000, 0x00000007012ffff0, 0x0000000701300000| 99%| O|  |TS  0|AC  0|TAMS 0x0000000701200000, 0x0000000701200000|
|  19|0x0000000701300000, 0x00000007013ffeb0, 0x0000000701400000| 99%| O|  |TS  0|AC  0|TAMS 0x0000000701300000, 0x0000000701300000|
|  20|0x0000000701400000, 0x0000000701500000, 0x0000000701500000|100%|HS|  |TS  0|AC  0|TAMS 0x0000000701400000, 0x0000000701400000|
|  21|0x0000000701500000, 0x00000007015ffff8, 0x0000000701600000| 99%| O|  |TS  0|AC  0|TAMS 0x0000000701500000, 0x0000000701500000|
|  22|0x0000000701600000, 0x0000000701700000, 0x0000000701700000|100%| O|  |TS  0|AC  0|TAMS 0x0000000701600000, 0x0000000701600000|
|  23|0x0000000701700000, 0x00000007017ffff8, 0x0000000701800000| 99%| O|  |TS  0|AC  0|TAMS 0x0000000701700000, 0x0000000701700000|
|  24|0x0000000701800000, 0x00000007018ffff8, 0x0000000701900000| 99%| O|  |TS  0|AC  0|TAMS 0x0000000701800000, 0x0000000701800000|
|  25|0x0000000701900000, 0x0000000701a00000, 0x0000000701a00000|100%| O|  |TS  0|AC  0|TAMS 0x0000000701900000, 0x0000000701900000|
|  26|0x0000000701a00000, 0x0000000701b00000, 0x0000000701b00000|100%| O|  |TS  0|AC  0|TAMS 0x0000000701a00000, 0x0000000701a00000|
|  27|0x0000000701b00000, 0x0000000701bffe50, 0x0000000701c00000| 99%| O|  |TS  0|AC  0|TAMS 0x0000000701b00000, 0x0000000701b00000|
|  28|0x0000000701c00000, 0x0000000701cffff8, 0x0000000701d00000| 99%| O|  |TS  0|AC  0|TAMS 0x0000000701c00000, 0x0000000701c00000|
|  29|0x0000000701d00000, 0x0000000701dfff10, 0x0000000701e00000| 99%| O|  |TS  0|AC  0|TAMS 0x0000000701d00000, 0x0000000701d00000|
|  30|0x0000000701e00000, 0x0000000701efff00, 0x0000000701f00000| 99%| O|  |TS  0|AC  0|TAMS 0x0000000701e00000, 0x0000000701e00000|
|  31|0x0000000701f00000, 0x0000000701ffffe8, 0x0000000702000000| 99%| O|  |TS  0|AC  0|TAMS 0x0000000701f00000, 0x0000000701f00000|
|  32|0x0000000702000000, 0x00000007020fffd8, 0x0000000702100000| 99%| O|  |TS  0|AC  0|TAMS 0x0000000702000000, 0x0000000702000000|
|  33|0x0000000702100000, 0x00000007021ffff8, 0x0000000702200000| 99%| O|  |TS  0|AC  0|TAMS 0x0000000702100000, 0x0000000702100000|
|  34|0x0000000702200000, 0x00000007022fffe8, 0x0000000702300000| 99%| O|  |TS  0|AC  0|TAMS 0x0000000702200000, 0x0000000702200000|
|  35|0x0000000702300000, 0x00000007023fffb0, 0x0000000702400000| 99%| O|  |TS  0|AC  0|TAMS 0x0000000702300000, 0x0000000702300000|
|  36|0x0000000702400000, 0x00000007024fbd00, 0x0000000702500000| 98%| O|  |TS  0|AC  0|TAMS 0x0000000702400000, 0x0000000702400000|
|  37|0x0000000702500000, 0x00000007025fffa8, 0x0000000702600000| 99%| O|  |TS  0|AC  0|TAMS 0x0000000702500000, 0x0000000702500000|
|  38|0x0000000702600000, 0x00000007026fffb8, 0x0000000702700000| 99%| O|  |TS  0|AC  0|TAMS 0x0000000702600000, 0x0000000702600000|
|  39|0x0000000702700000, 0x00000007027fff40, 0x0000000702800000| 99%| O|  |TS  0|AC  0|TAMS 0x0000000702700000, 0x0000000702700000|
|  40|0x0000000702800000, 0x00000007028fffe8, 0x0000000702900000| 99%| O|  |TS  0|AC  0|TAMS 0x0000000702800000, 0x0000000702800000|
|  41|0x0000000702900000, 0x00000007029ff1a0, 0x0000000702a00000| 99%| O|  |TS  0|AC  0|TAMS 0x0000000702900000, 0x0000000702900000|
|  42|0x0000000702a00000, 0x0000000702afffe8, 0x0000000702b00000| 99%| O|  |TS  0|AC  0|TAMS 0x0000000702a00000, 0x0000000702a00000|
|  43|0x0000000702b00000, 0x0000000702bffff0, 0x0000000702c00000| 99%| O|  |TS  0|AC  0|TAMS 0x0000000702b00000, 0x0000000702b00000|
|  44|0x0000000702c00000, 0x0000000702cffff0, 0x0000000702d00000| 99%| O|  |TS  0|AC  0|TAMS 0x0000000702c00000, 0x0000000702c00000|
|  45|0x0000000702d00000, 0x0000000702dffff8, 0x0000000702e00000| 99%| O|  |TS  0|AC  0|TAMS 0x0000000702d00000, 0x0000000702d00000|
|  46|0x0000000702e00000, 0x0000000702efef08, 0x0000000702f00000| 99%| O|  |TS  0|AC  0|TAMS 0x0000000702e00000, 0x0000000702e00000|
|  47|0x0000000702f00000, 0x0000000703000000, 0x0000000703000000|100%|HS|  |TS  0|AC  0|TAMS 0x0000000702f00000, 0x0000000702f00000|
|  48|0x0000000703000000, 0x0000000703100000, 0x0000000703100000|100%|HC|  |TS  0|AC  0|TAMS 0x0000000703000000, 0x0000000703000000|
|  49|0x0000000703100000, 0x0000000703200000, 0x0000000703200000|100%|HC|  |TS  0|AC  0|TAMS 0x0000000703100000, 0x0000000703100000|
|  50|0x0000000703200000, 0x0000000703300000, 0x0000000703300000|100%|HC|  |TS  0|AC  0|TAMS 0x0000000703200000, 0x0000000703200000|
|  51|0x0000000703300000, 0x0000000703400000, 0x0000000703400000|100%|HC|  |TS  0|AC  0|TAMS 0x0000000703300000, 0x0000000703300000|
|  52|0x0000000703400000, 0x0000000703500000, 0x0000000703500000|100%|HC|  |TS  0|AC  0|TAMS 0x0000000703400000, 0x0000000703400000|
|  53|0x0000000703500000, 0x0000000703600000, 0x0000000703600000|100%|HC|  |TS  0|AC  0|TAMS 0x0000000703500000, 0x0000000703500000|
|  54|0x0000000703600000, 0x0000000703700000, 0x0000000703700000|100%|HC|  |TS  0|AC  0|TAMS 0x0000000703600000, 0x0000000703600000|
|  55|0x0000000703700000, 0x0000000703800000, 0x0000000703800000|100%| O|  |TS  0|AC  0|TAMS 0x0000000703700000, 0x0000000703700000|
|  56|0x0000000703800000, 0x00000007038fffb8, 0x0000000703900000| 99%| O|  |TS  0|AC  0|TAMS 0x0000000703800000, 0x0000000703800000|
|  57|0x0000000703900000, 0x00000007039ffe78, 0x0000000703a00000| 99%| O|  |TS  0|AC  0|TAMS 0x0000000703900000, 0x0000000703900000|
|  58|0x0000000703a00000, 0x0000000703affff8, 0x0000000703b00000| 99%| O|  |TS  0|AC  0|TAMS 0x0000000703a00000, 0x0000000703a00000|
|  59|0x0000000703b00000, 0x0000000703bfffe8, 0x0000000703c00000| 99%| O|  |TS  0|AC  0|TAMS 0x0000000703b00000, 0x0000000703b00000|
|  60|0x0000000703c00000, 0x0000000703d00000, 0x0000000703d00000|100%| O|  |TS  0|AC  0|TAMS 0x0000000703c00000, 0x0000000703c00000|
|  61|0x0000000703d00000, 0x0000000703e00000, 0x0000000703e00000|100%| O|  |TS  0|AC  0|TAMS 0x0000000703d00000, 0x0000000703d00000|
|  62|0x0000000703e00000, 0x0000000703efe070, 0x0000000703f00000| 99%| O|  |TS  0|AC  0|TAMS 0x0000000703e00000, 0x0000000703e00000|
|  63|0x0000000703f00000, 0x0000000703f70fa8, 0x0000000704000000| 44%| O|  |TS  0|AC  0|TAMS 0x0000000703f00000, 0x0000000703f00000|
|  64|0x0000000704000000, 0x0000000704100000, 0x0000000704100000|100%|HS|  |TS  0|AC  0|TAMS 0x0000000704000000, 0x0000000704000000|
|  65|0x0000000704100000, 0x0000000704200000, 0x0000000704200000|100%|HS|  |TS  0|AC  0|TAMS 0x0000000704100000, 0x0000000704100000|
|  66|0x0000000704200000, 0x0000000704200000, 0x0000000704300000|  0%| F|  |TS  0|AC  0|TAMS 0x0000000704200000, 0x0000000704200000|
|  67|0x0000000704300000, 0x0000000704300000, 0x0000000704400000|  0%| F|  |TS  0|AC  0|TAMS 0x0000000704300000, 0x0000000704300000|
|  68|0x0000000704400000, 0x0000000704400000, 0x0000000704500000|  0%| F|  |TS  0|AC  0|TAMS 0x0000000704400000, 0x0000000704400000|
|  69|0x0000000704500000, 0x0000000704500000, 0x0000000704600000|  0%| F|  |TS  0|AC  0|TAMS 0x0000000704500000, 0x0000000704500000|
|  70|0x0000000704600000, 0x0000000704600000, 0x0000000704700000|  0%| F|  |TS  0|AC  0|TAMS 0x0000000704600000, 0x0000000704600000|
|  71|0x0000000704700000, 0x0000000704700000, 0x0000000704800000|  0%| F|  |TS  0|AC  0|TAMS 0x0000000704700000, 0x0000000704700000|
|  72|0x0000000704800000, 0x0000000704800000, 0x0000000704900000|  0%| F|  |TS  0|AC  0|TAMS 0x0000000704800000, 0x0000000704800000|
|  73|0x0000000704900000, 0x0000000704900000, 0x0000000704a00000|  0%| F|  |TS  0|AC  0|TAMS 0x0000000704900000, 0x0000000704900000|
|  74|0x0000000704a00000, 0x0000000704a00000, 0x0000000704b00000|  0%| F|  |TS  0|AC  0|TAMS 0x0000000704a00000, 0x0000000704a00000|
|  75|0x0000000704b00000, 0x0000000704b00000, 0x0000000704c00000|  0%| F|  |TS  0|AC  0|TAMS 0x0000000704b00000, 0x0000000704b00000|
|  76|0x0000000704c00000, 0x0000000704c00000, 0x0000000704d00000|  0%| F|  |TS  0|AC  0|TAMS 0x0000000704c00000, 0x0000000704c00000|
|  77|0x0000000704d00000, 0x0000000704d00000, 0x0000000704e00000|  0%| F|  |TS  0|AC  0|TAMS 0x0000000704d00000, 0x0000000704d00000|
|  78|0x0000000704e00000, 0x0000000704e00000, 0x0000000704f00000|  0%| F|  |TS  0|AC  0|TAMS 0x0000000704e00000, 0x0000000704e00000|
|  79|0x0000000704f00000, 0x0000000704f00000, 0x0000000705000000|  0%| F|  |TS  0|AC  0|TAMS 0x0000000704f00000, 0x0000000704f00000|
|  80|0x0000000705000000, 0x0000000705000000, 0x0000000705100000|  0%| F|  |TS  0|AC  0|TAMS 0x0000000705000000, 0x0000000705000000|
|  81|0x0000000705100000, 0x0000000705100000, 0x0000000705200000|  0%| F|  |TS  0|AC  0|TAMS 0x0000000705100000, 0x0000000705100000|
|  82|0x0000000705200000, 0x0000000705200000, 0x0000000705300000|  0%| F|  |TS  0|AC  0|TAMS 0x0000000705200000, 0x0000000705200000|
|  83|0x0000000705300000, 0x0000000705300000, 0x0000000705400000|  0%| F|  |TS  0|AC  0|TAMS 0x0000000705300000, 0x0000000705300000|
|  84|0x0000000705400000, 0x0000000705400000, 0x0000000705500000|  0%| F|  |TS  0|AC  0|TAMS 0x0000000705400000, 0x0000000705400000|
|  85|0x0000000705500000, 0x0000000705500000, 0x0000000705600000|  0%| F|  |TS  0|AC  0|TAMS 0x0000000705500000, 0x0000000705500000|
|  86|0x0000000705600000, 0x0000000705600000, 0x0000000705700000|  0%| F|  |TS  0|AC  0|TAMS 0x0000000705600000, 0x0000000705600000|
|  87|0x0000000705700000, 0x0000000705700000, 0x0000000705800000|  0%| F|  |TS  0|AC  0|TAMS 0x0000000705700000, 0x0000000705700000|
|  88|0x0000000705800000, 0x0000000705800000, 0x0000000705900000|  0%| F|  |TS  0|AC  0|TAMS 0x0000000705800000, 0x0000000705800000|
|  89|0x0000000705900000, 0x0000000705900000, 0x0000000705a00000|  0%| F|  |TS  0|AC  0|TAMS 0x0000000705900000, 0x0000000705900000|
|  90|0x0000000705a00000, 0x0000000705a00000, 0x0000000705b00000|  0%| F|  |TS  0|AC  0|TAMS 0x0000000705a00000, 0x0000000705a00000|
|  91|0x0000000705b00000, 0x0000000705b00000, 0x0000000705c00000|  0%| F|  |TS  0|AC  0|TAMS 0x0000000705b00000, 0x0000000705b00000|
|  92|0x0000000705c00000, 0x0000000705c00000, 0x0000000705d00000|  0%| F|  |TS  0|AC  0|TAMS 0x0000000705c00000, 0x0000000705c00000|
|  93|0x0000000705d00000, 0x0000000705d00000, 0x0000000705e00000|  0%| F|  |TS  0|AC  0|TAMS 0x0000000705d00000, 0x0000000705d00000|
|  94|0x0000000705e00000, 0x0000000705e00000, 0x0000000705f00000|  0%| F|  |TS  0|AC  0|TAMS 0x0000000705e00000, 0x0000000705e00000|
|  95|0x0000000705f00000, 0x0000000705f00000, 0x0000000706000000|  0%| F|  |TS  0|AC  0|TAMS 0x0000000705f00000, 0x0000000705f00000|
|  96|0x0000000706000000, 0x0000000706000000, 0x0000000706100000|  0%| F|  |TS  0|AC  0|TAMS 0x0000000706000000, 0x0000000706000000|
|  97|0x0000000706100000, 0x0000000706100000, 0x0000000706200000|  0%| F|  |TS  0|AC  0|TAMS 0x0000000706100000, 0x0000000706100000|
|  98|0x0000000706200000, 0x0000000706200000, 0x0000000706300000|  0%| F|  |TS  0|AC  0|TAMS 0x0000000706200000, 0x0000000706200000|
|  99|0x0000000706300000, 0x0000000706300000, 0x0000000706400000|  0%| F|  |TS  0|AC  0|TAMS 0x0000000706300000, 0x0000000706300000|
| 100|0x0000000706400000, 0x0000000706400000, 0x0000000706500000|  0%| F|  |TS  0|AC  0|TAMS 0x0000000706400000, 0x0000000706400000|
| 101|0x0000000706500000, 0x0000000706500000, 0x0000000706600000|  0%| F|  |TS  0|AC  0|TAMS 0x0000000706500000, 0x0000000706500000|
| 102|0x0000000706600000, 0x0000000706600000, 0x0000000706700000|  0%| F|  |TS  0|AC  0|TAMS 0x0000000706600000, 0x0000000706600000|
| 103|0x0000000706700000, 0x0000000706700000, 0x0000000706800000|  0%| F|  |TS  0|AC  0|TAMS 0x0000000706700000, 0x0000000706700000|
| 104|0x0000000706800000, 0x0000000706800000, 0x0000000706900000|  0%| F|  |TS  0|AC  0|TAMS 0x0000000706800000, 0x0000000706800000|
| 105|0x0000000706900000, 0x0000000706900000, 0x0000000706a00000|  0%| F|  |TS  0|AC  0|TAMS 0x0000000706900000, 0x0000000706900000|
| 106|0x0000000706a00000, 0x0000000706a00000, 0x0000000706b00000|  0%| F|  |TS  0|AC  0|TAMS 0x0000000706a00000, 0x0000000706a00000|
| 107|0x0000000706b00000, 0x0000000706b00000, 0x0000000706c00000|  0%| F|  |TS  0|AC  0|TAMS 0x0000000706b00000, 0x0000000706b00000|
| 108|0x0000000706c00000, 0x0000000706c00000, 0x0000000706d00000|  0%| F|  |TS  0|AC  0|TAMS 0x0000000706c00000, 0x0000000706c00000|
| 109|0x0000000706d00000, 0x0000000706d00000, 0x0000000706e00000|  0%| F|  |TS  0|AC  0|TAMS 0x0000000706d00000, 0x0000000706d00000|
| 110|0x0000000706e00000, 0x0000000706e00000, 0x0000000706f00000|  0%| F|  |TS  0|AC  0|TAMS 0x0000000706e00000, 0x0000000706e00000|
| 111|0x0000000706f00000, 0x0000000706f00000, 0x0000000707000000|  0%| F|  |TS  0|AC  0|TAMS 0x0000000706f00000, 0x0000000706f00000|
| 112|0x0000000707000000, 0x0000000707000000, 0x0000000707100000|  0%| F|  |TS  0|AC  0|TAMS 0x0000000707000000, 0x0000000707000000|
| 113|0x0000000707100000, 0x0000000707100000, 0x0000000707200000|  0%| F|  |TS  0|AC  0|TAMS 0x0000000707100000, 0x0000000707100000|
| 114|0x0000000707200000, 0x0000000707200000, 0x0000000707300000|  0%| F|  |TS  0|AC  0|TAMS 0x0000000707200000, 0x0000000707200000|
| 115|0x0000000707300000, 0x0000000707300000, 0x0000000707400000|  0%| F|  |TS  0|AC  0|TAMS 0x0000000707300000, 0x0000000707300000|
| 116|0x0000000707400000, 0x0000000707400000, 0x0000000707500000|  0%| F|  |TS  0|AC  0|TAMS 0x0000000707400000, 0x0000000707400000|
| 117|0x0000000707500000, 0x0000000707500000, 0x0000000707600000|  0%| F|  |TS  0|AC  0|TAMS 0x0000000707500000, 0x0000000707500000|
| 118|0x0000000707600000, 0x0000000707600000, 0x0000000707700000|  0%| F|  |TS  0|AC  0|TAMS 0x0000000707600000, 0x0000000707600000|
| 119|0x0000000707700000, 0x0000000707700000, 0x0000000707800000|  0%| F|  |TS  0|AC  0|TAMS 0x0000000707700000, 0x0000000707700000|
| 120|0x0000000707800000, 0x0000000707800000, 0x0000000707900000|  0%| F|  |TS  0|AC  0|TAMS 0x0000000707800000, 0x0000000707800000|
| 121|0x0000000707900000, 0x0000000707900000, 0x0000000707a00000|  0%| F|  |TS  0|AC  0|TAMS 0x0000000707900000, 0x0000000707900000|
| 122|0x0000000707a00000, 0x0000000707a00000, 0x0000000707b00000|  0%| F|  |TS  0|AC  0|TAMS 0x0000000707a00000, 0x0000000707a00000|
| 123|0x0000000707b00000, 0x0000000707b36400, 0x0000000707c00000| 21%| S|CS|TS  5|AC  0|TAMS 0x0000000707b00000, 0x0000000707b00000|
| 124|0x0000000707c00000, 0x0000000707d00000, 0x0000000707d00000|100%| S|CS|TS  5|AC  0|TAMS 0x0000000707c00000, 0x0000000707c00000|
| 125|0x0000000707d00000, 0x0000000707d00000, 0x0000000707e00000|  0%| F|  |TS  5|AC  0|TAMS 0x0000000707d00000, 0x0000000707d00000|
| 126|0x0000000707e00000, 0x0000000707e00000, 0x0000000707f00000|  0%| F|  |TS  5|AC  0|TAMS 0x0000000707e00000, 0x0000000707e00000|
| 127|0x0000000707f00000, 0x0000000707f00000, 0x0000000708000000|  0%| F|  |TS  5|AC  0|TAMS 0x0000000707f00000, 0x0000000707f00000|
| 128|0x0000000708000000, 0x0000000708000000, 0x0000000708100000|  0%| F|  |TS  5|AC  0|TAMS 0x0000000708000000, 0x0000000708000000|
| 129|0x0000000708100000, 0x0000000708100000, 0x0000000708200000|  0%| F|  |TS  5|AC  0|TAMS 0x0000000708100000, 0x0000000708100000|
| 130|0x0000000708200000, 0x0000000708200000, 0x0000000708300000|  0%| F|  |TS  5|AC  0|TAMS 0x0000000708200000, 0x0000000708200000|
| 131|0x0000000708300000, 0x0000000708300000, 0x0000000708400000|  0%| F|  |TS  5|AC  0|TAMS 0x0000000708300000, 0x0000000708300000|
| 132|0x0000000708400000, 0x0000000708400000, 0x0000000708500000|  0%| F|  |TS  5|AC  0|TAMS 0x0000000708400000, 0x0000000708400000|
| 133|0x0000000708500000, 0x0000000708500000, 0x0000000708600000|  0%| F|  |TS  5|AC  0|TAMS 0x0000000708500000, 0x0000000708500000|
| 134|0x0000000708600000, 0x0000000708600000, 0x0000000708700000|  0%| F|  |TS  5|AC  0|TAMS 0x0000000708600000, 0x0000000708600000|
| 135|0x0000000708700000, 0x0000000708700000, 0x0000000708800000|  0%| F|  |TS  5|AC  0|TAMS 0x0000000708700000, 0x0000000708700000|
| 136|0x0000000708800000, 0x00000007088a2c28, 0x0000000708900000| 63%| E|  |TS  5|AC  0|TAMS 0x0000000708800000, 0x0000000708800000|
| 137|0x0000000708900000, 0x0000000708a00000, 0x0000000708a00000|100%| E|CS|TS  5|AC  0|TAMS 0x0000000708900000, 0x0000000708900000|
| 138|0x0000000708a00000, 0x0000000708b00000, 0x0000000708b00000|100%| E|CS|TS  5|AC  0|TAMS 0x0000000708a00000, 0x0000000708a00000|
| 139|0x0000000708b00000, 0x0000000708c00000, 0x0000000708c00000|100%| E|CS|TS  5|AC  0|TAMS 0x0000000708b00000, 0x0000000708b00000|
| 140|0x0000000708c00000, 0x0000000708d00000, 0x0000000708d00000|100%| E|CS|TS  5|AC  0|TAMS 0x0000000708c00000, 0x0000000708c00000|
| 141|0x0000000708d00000, 0x0000000708e00000, 0x0000000708e00000|100%| E|CS|TS  5|AC  0|TAMS 0x0000000708d00000, 0x0000000708d00000|
| 142|0x0000000708e00000, 0x0000000708f00000, 0x0000000708f00000|100%| E|CS|TS  5|AC  0|TAMS 0x0000000708e00000, 0x0000000708e00000|
| 143|0x0000000708f00000, 0x0000000709000000, 0x0000000709000000|100%| E|CS|TS  5|AC  0|TAMS 0x0000000708f00000, 0x0000000708f00000|
| 144|0x0000000709000000, 0x0000000709100000, 0x0000000709100000|100%| E|CS|TS  5|AC  0|TAMS 0x0000000709000000, 0x0000000709000000|
| 145|0x0000000709100000, 0x0000000709200000, 0x0000000709200000|100%| E|CS|TS  5|AC  0|TAMS 0x0000000709100000, 0x0000000709100000|
| 146|0x0000000709200000, 0x0000000709300000, 0x0000000709300000|100%| E|CS|TS  5|AC  0|TAMS 0x0000000709200000, 0x0000000709200000|
| 147|0x0000000709300000, 0x0000000709400000, 0x0000000709400000|100%| E|CS|TS  5|AC  0|TAMS 0x0000000709300000, 0x0000000709300000|
| 148|0x0000000709400000, 0x0000000709500000, 0x0000000709500000|100%| E|CS|TS  5|AC  0|TAMS 0x0000000709400000, 0x0000000709400000|
| 149|0x0000000709500000, 0x0000000709600000, 0x0000000709600000|100%| E|CS|TS  5|AC  0|TAMS 0x0000000709500000, 0x0000000709500000|
| 150|0x0000000709600000, 0x0000000709700000, 0x0000000709700000|100%| E|CS|TS  5|AC  0|TAMS 0x0000000709600000, 0x0000000709600000|
| 151|0x0000000709700000, 0x0000000709800000, 0x0000000709800000|100%| E|CS|TS  5|AC  0|TAMS 0x0000000709700000, 0x0000000709700000|
| 152|0x0000000709800000, 0x0000000709900000, 0x0000000709900000|100%| E|CS|TS  5|AC  0|TAMS 0x0000000709800000, 0x0000000709800000|
| 153|0x0000000709900000, 0x0000000709a00000, 0x0000000709a00000|100%| E|CS|TS  5|AC  0|TAMS 0x0000000709900000, 0x0000000709900000|
| 154|0x0000000709a00000, 0x0000000709b00000, 0x0000000709b00000|100%| E|CS|TS  5|AC  0|TAMS 0x0000000709a00000, 0x0000000709a00000|
| 155|0x0000000709b00000, 0x0000000709c00000, 0x0000000709c00000|100%| E|CS|TS  5|AC  0|TAMS 0x0000000709b00000, 0x0000000709b00000|
| 156|0x0000000709c00000, 0x0000000709d00000, 0x0000000709d00000|100%| E|CS|TS  5|AC  0|TAMS 0x0000000709c00000, 0x0000000709c00000|
| 157|0x0000000709d00000, 0x0000000709e00000, 0x0000000709e00000|100%| E|CS|TS  5|AC  0|TAMS 0x0000000709d00000, 0x0000000709d00000|
| 158|0x0000000709e00000, 0x0000000709f00000, 0x0000000709f00000|100%| E|CS|TS  5|AC  0|TAMS 0x0000000709e00000, 0x0000000709e00000|
| 159|0x0000000709f00000, 0x000000070a000000, 0x000000070a000000|100%| E|CS|TS  5|AC  0|TAMS 0x0000000709f00000, 0x0000000709f00000|
| 160|0x000000070a000000, 0x000000070a100000, 0x000000070a100000|100%| E|CS|TS  5|AC  0|TAMS 0x000000070a000000, 0x000000070a000000|
| 161|0x000000070a100000, 0x000000070a200000, 0x000000070a200000|100%| E|CS|TS  5|AC  0|TAMS 0x000000070a100000, 0x000000070a100000|
| 162|0x000000070a200000, 0x000000070a300000, 0x000000070a300000|100%| E|CS|TS  5|AC  0|TAMS 0x000000070a200000, 0x000000070a200000|
| 163|0x000000070a300000, 0x000000070a400000, 0x000000070a400000|100%| E|CS|TS  5|AC  0|TAMS 0x000000070a300000, 0x000000070a300000|
| 164|0x000000070a400000, 0x000000070a500000, 0x000000070a500000|100%| E|CS|TS  5|AC  0|TAMS 0x000000070a400000, 0x000000070a400000|
| 165|0x000000070a500000, 0x000000070a600000, 0x000000070a600000|100%| E|CS|TS  5|AC  0|TAMS 0x000000070a500000, 0x000000070a500000|
| 166|0x000000070a600000, 0x000000070a700000, 0x000000070a700000|100%| E|CS|TS  5|AC  0|TAMS 0x000000070a600000, 0x000000070a600000|
| 167|0x000000070a700000, 0x000000070a800000, 0x000000070a800000|100%| E|CS|TS  5|AC  0|TAMS 0x000000070a700000, 0x000000070a700000|
| 168|0x000000070a800000, 0x000000070a900000, 0x000000070a900000|100%| E|CS|TS  5|AC  0|TAMS 0x000000070a800000, 0x000000070a800000|
| 169|0x000000070a900000, 0x000000070aa00000, 0x000000070aa00000|100%| E|CS|TS  5|AC  0|TAMS 0x000000070a900000, 0x000000070a900000|
| 170|0x000000070aa00000, 0x000000070ab00000, 0x000000070ab00000|100%| E|CS|TS  5|AC  0|TAMS 0x000000070aa00000, 0x000000070aa00000|
| 171|0x000000070ab00000, 0x000000070ac00000, 0x000000070ac00000|100%| E|CS|TS  5|AC  0|TAMS 0x000000070ab00000, 0x000000070ab00000|
| 172|0x000000070ac00000, 0x000000070ad00000, 0x000000070ad00000|100%| E|CS|TS  5|AC  0|TAMS 0x000000070ac00000, 0x000000070ac00000|
| 173|0x000000070ad00000, 0x000000070ae00000, 0x000000070ae00000|100%| E|CS|TS  5|AC  0|TAMS 0x000000070ad00000, 0x000000070ad00000|
| 174|0x000000070ae00000, 0x000000070af00000, 0x000000070af00000|100%| E|CS|TS  5|AC  0|TAMS 0x000000070ae00000, 0x000000070ae00000|
| 175|0x000000070af00000, 0x000000070b000000, 0x000000070b000000|100%| E|CS|TS  5|AC  0|TAMS 0x000000070af00000, 0x000000070af00000|
| 176|0x000000070b000000, 0x000000070b100000, 0x000000070b100000|100%| E|CS|TS  5|AC  0|TAMS 0x000000070b000000, 0x000000070b000000|
| 177|0x000000070b100000, 0x000000070b200000, 0x000000070b200000|100%| E|CS|TS  5|AC  0|TAMS 0x000000070b100000, 0x000000070b100000|
| 178|0x000000070b200000, 0x000000070b300000, 0x000000070b300000|100%| E|CS|TS  5|AC  0|TAMS 0x000000070b200000, 0x000000070b200000|
| 179|0x000000070b300000, 0x000000070b400000, 0x000000070b400000|100%| E|CS|TS  5|AC  0|TAMS 0x000000070b300000, 0x000000070b300000|
| 180|0x000000070b400000, 0x000000070b500000, 0x000000070b500000|100%| E|CS|TS  5|AC  0|TAMS 0x000000070b400000, 0x000000070b400000|
| 181|0x000000070b500000, 0x000000070b600000, 0x000000070b600000|100%| E|CS|TS  5|AC  0|TAMS 0x000000070b500000, 0x000000070b500000|
| 182|0x000000070b600000, 0x000000070b700000, 0x000000070b700000|100%| E|CS|TS  5|AC  0|TAMS 0x000000070b600000, 0x000000070b600000|
| 183|0x000000070b700000, 0x000000070b800000, 0x000000070b800000|100%| E|CS|TS  5|AC  0|TAMS 0x000000070b700000, 0x000000070b700000|
| 184|0x000000070b800000, 0x000000070b900000, 0x000000070b900000|100%| E|CS|TS  5|AC  0|TAMS 0x000000070b800000, 0x000000070b800000|

Card table byte_map: [0x0000017f2f990000,0x0000017f2ff90000] byte_map_base: 0x0000017f2c190000

Marking Bits (Prev, Next): (CMBitMap*) 0x0000017f2efc8108, (CMBitMap*) 0x0000017f2efc80d0
 Prev Bits: [0x0000017f4a2a0000, 0x0000017f4d2a0000)
 Next Bits: [0x0000017f472a0000, 0x0000017f4a2a0000)

Polling page: 0x0000017f25750000

CodeHeap 'non-profiled nmethods': size=120000Kb used=19208Kb max_used=19208Kb free=100791Kb
 bounds [0x0000017f3f770000, 0x0000017f40a40000, 0x0000017f46ca0000]
CodeHeap 'profiled nmethods': size=120000Kb used=40199Kb max_used=41476Kb free=79800Kb
 bounds [0x0000017f38240000, 0x0000017f3aaf0000, 0x0000017f3f770000]
CodeHeap 'non-nmethods': size=5760Kb used=1769Kb max_used=1821Kb free=3990Kb
 bounds [0x0000017f37ca0000, 0x0000017f37f10000, 0x0000017f38240000]
 total_blobs=27942 nmethods=16073 adapters=1096
 compilation: enabled

Compilation events (10 events):
Event: 511.363 Thread 0x0000017f2eca8000 19351       1       java.awt.event.MouseWheelEvent::getPreciseWheelRotation (5 bytes)
Event: 511.363 Thread 0x0000017f2eca8000 nmethod 19351 0x0000017f40a32310 code [0x0000017f40a324c0, 0x0000017f40a325d8]
Event: 511.365 Thread 0x0000017f2eca8000 19352   !   3       javax.swing.plaf.basic.BasicSplitPaneUI$BasicHorizontalLayoutManager::layoutContainer (510 bytes)
Event: 511.375 Thread 0x0000017f2eca8000 nmethod 19352 0x0000017f393c3e10 code [0x0000017f393c4300, 0x0000017f393c74a0]
Event: 511.375 Thread 0x0000017f2eca8000 19353       3       javax.swing.plaf.basic.BasicSplitPaneUI$BasicHorizontalLayoutManager::getAvailableSize (30 bytes)
Event: 511.376 Thread 0x0000017f2eca8000 nmethod 19353 0x0000017f38e94c10 code [0x0000017f38e94e00, 0x0000017f38e952f8]
Event: 511.388 Thread 0x0000017f2eca8000 19354       3       java.awt.event.InputEvent::isShiftDown (16 bytes)
Event: 511.388 Thread 0x0000017f2eca8000 nmethod 19354 0x0000017f38cddd10 code [0x0000017f38cddec0, 0x0000017f38cde078]
Event: 513.033 Thread 0x0000017f2eca8000 19356       3       javax.swing.JTable$2::getUpperBoundAt (14 bytes)
Event: 513.033 Thread 0x0000017f2eca8000 nmethod 19356 0x0000017f38e40a10 code [0x0000017f38e40be0, 0x0000017f38e40fd0]

GC Heap History (10 events):
Event: 486.680 GC heap before
{Heap before GC invocations=107 (full 22):
 garbage-first heap   total 189440K, used 125776K [0x0000000700000000, 0x00000007001005c8, 0x00000007c0000000)
  region size 1024K, 60 young (61440K), 2 survivors (2048K)
 Metaspace       used 81252K, capacity 87377K, committed 87580K, reserved 1124352K
  class space    used 11191K, capacity 12273K, committed 12316K, reserved 1048576K
}
Event: 486.687 GC heap after
{Heap after GC invocations=108 (full 22):
 garbage-first heap   total 189440K, used 66530K [0x0000000700000000, 0x00000007001005c8, 0x00000007c0000000)
  region size 1024K, 2 young (2048K), 2 survivors (2048K)
 Metaspace       used 81252K, capacity 87377K, committed 87580K, reserved 1124352K
  class space    used 11191K, capacity 12273K, committed 12316K, reserved 1048576K
}
Event: 487.594 GC heap before
{Heap before GC invocations=108 (full 22):
 garbage-first heap   total 189440K, used 105442K [0x0000000700000000, 0x00000007001005c8, 0x00000007c0000000)
  region size 1024K, 39 young (39936K), 2 survivors (2048K)
 Metaspace       used 81292K, capacity 87377K, committed 87580K, reserved 1124352K
  class space    used 11191K, capacity 12273K, committed 12316K, reserved 1048576K
}
Event: 487.808 GC heap after
{Heap after GC invocations=109 (full 23):
 garbage-first heap   total 189440K, used 65871K [0x0000000700000000, 0x00000007001005c8, 0x00000007c0000000)
  region size 1024K, 0 young (0K), 0 survivors (0K)
 Metaspace       used 81292K, capacity 87377K, committed 87580K, reserved 1124352K
  class space    used 11191K, capacity 12273K, committed 12316K, reserved 1048576K
}
Event: 492.007 GC heap before
{Heap before GC invocations=109 (full 23):
 garbage-first heap   total 189440K, used 127311K [0x0000000700000000, 0x00000007001005c8, 0x00000007c0000000)
  region size 1024K, 60 young (61440K), 0 survivors (0K)
 Metaspace       used 81314K, capacity 87505K, committed 87580K, reserved 1124352K
  class space    used 11191K, capacity 12273K, committed 12316K, reserved 1048576K
}
Event: 492.009 GC heap after
{Heap after GC invocations=110 (full 23):
 garbage-first heap   total 189440K, used 66511K [0x0000000700000000, 0x00000007001005c8, 0x00000007c0000000)
  region size 1024K, 1 young (1024K), 1 survivors (1024K)
 Metaspace       used 81314K, capacity 87505K, committed 87580K, reserved 1124352K
  class space    used 11191K, capacity 12273K, committed 12316K, reserved 1048576K
}
Event: 496.688 GC heap before
{Heap before GC invocations=110 (full 23):
 garbage-first heap   total 189440K, used 126927K [0x0000000700000000, 0x00000007001005c8, 0x00000007c0000000)
  region size 1024K, 60 young (61440K), 1 survivors (1024K)
 Metaspace       used 81319K, capacity 87505K, committed 87580K, reserved 1124352K
  class space    used 11191K, capacity 12273K, committed 12316K, reserved 1048576K
}
Event: 496.693 GC heap after
{Heap after GC invocations=111 (full 23):
 garbage-first heap   total 189440K, used 66587K [0x0000000700000000, 0x00000007001005c8, 0x00000007c0000000)
  region size 1024K, 1 young (1024K), 1 survivors (1024K)
 Metaspace       used 81319K, capacity 87505K, committed 87580K, reserved 1124352K
  class space    used 11191K, capacity 12273K, committed 12316K, reserved 1048576K
}
Event: 503.655 GC heap before
{Heap before GC invocations=111 (full 23):
 garbage-first heap   total 189440K, used 128027K [0x0000000700000000, 0x00000007001005c8, 0x00000007c0000000)
  region size 1024K, 60 young (61440K), 1 survivors (1024K)
 Metaspace       used 81361K, capacity 87505K, committed 87580K, reserved 1124352K
  class space    used 11191K, capacity 12273K, committed 12316K, reserved 1048576K
}
Event: 503.664 GC heap after
{Heap after GC invocations=112 (full 23):
 garbage-first heap   total 189440K, used 68136K [0x0000000700000000, 0x00000007001005c8, 0x00000007c0000000)
  region size 1024K, 2 young (2048K), 2 survivors (2048K)
 Metaspace       used 81361K, capacity 87505K, committed 87580K, reserved 1124352K
  class space    used 11191K, capacity 12273K, committed 12316K, reserved 1048576K
}

Deoptimization events (10 events):
Event: 485.755 Thread 0x0000017f51242000 Uncommon trap: reason=unstable_if action=reinterpret pc=0x0000017f408eaaf0 method=de.javasoft.synthetica.plain.GraphicsUtils.paintText(Ljavax/swing/plaf/synth/SynthContext;Ljava/awt/Graphics;Ljava/lang/String;III)V @ 69 c2
Event: 485.755 Thread 0x0000017f51242000 Uncommon trap: reason=unstable_if action=reinterpret pc=0x0000017f40980118 method=javax.swing.plaf.synth.SynthButtonUI.getComponentState(Ljavax/swing/JComponent;)I @ 43 c2
Event: 485.765 Thread 0x0000017f51242000 Uncommon trap: reason=class_check action=maybe_recompile pc=0x0000017f405c2cb4 method=sun.awt.GlobalCursorManager._updateCursor(Z)V @ 47 c2
Event: 485.855 Thread 0x0000017f51242000 Uncommon trap: reason=unstable_if action=reinterpret pc=0x0000017f3ff9fbe8 method=com.jidesoft.swing.JideBoxLayout.getPreferredSizeOf(Ljava/awt/Component;I)Ljava/awt/Dimension; @ 166 c2
Event: 485.931 Thread 0x0000017f51242000 Uncommon trap: reason=class_check action=maybe_recompile pc=0x0000017f40795f30 method=javax.swing.plaf.synth.ParsedSynthStyle$DelegatingPainter.paintPanelBackground(Ljavax/swing/plaf/synth/SynthContext;Ljava/awt/Graphics;IIII)V @ 16 c2
Event: 486.096 Thread 0x0000017f51242000 Uncommon trap: reason=class_check action=maybe_recompile pc=0x0000017f40795f30 method=javax.swing.plaf.synth.ParsedSynthStyle$DelegatingPainter.paintPanelBackground(Ljavax/swing/plaf/synth/SynthContext;Ljava/awt/Graphics;IIII)V @ 16 c2
Event: 487.239 Thread 0x0000017f51242000 Uncommon trap: reason=class_check action=maybe_recompile pc=0x0000017f40795f30 method=javax.swing.plaf.synth.ParsedSynthStyle$DelegatingPainter.paintPanelBackground(Ljavax/swing/plaf/synth/SynthContext;Ljava/awt/Graphics;IIII)V @ 16 c2
Event: 487.324 Thread 0x0000017f51242000 Uncommon trap: reason=class_check action=maybe_recompile pc=0x0000017f40795f30 method=javax.swing.plaf.synth.ParsedSynthStyle$DelegatingPainter.paintPanelBackground(Ljavax/swing/plaf/synth/SynthContext;Ljava/awt/Graphics;IIII)V @ 16 c2
Event: 488.857 Thread 0x0000017f51242000 Uncommon trap: reason=unstable_if action=reinterpret pc=0x0000017f4009b510 method=java.util.PriorityQueue.offer(Ljava/lang/Object;)Z @ 33 c2
Event: 490.216 Thread 0x0000017f51242000 Uncommon trap: reason=unstable_if action=reinterpret pc=0x0000017f40772e7c method=com.jidesoft.editor.SyntaxUtils.a(Lcom/jidesoft/editor/CodeEditor;Ljavax/swing/text/Segment;IILjava/awt/Graphics;Ljavax/swing/text/TabExpander;I[I)I @ 398 c2

Classes redefined (0 events):
No events

Internal exceptions (10 events):
Event: 380.535 Thread 0x0000017f51242000 Exception <a 'java/lang/NoSuchMethodError'{0x00000007088ca8d0}: java.lang.invoke.DelegatingMethodHandle$Holder.reinvoke_L(Ljava/lang/Object;IIILjava/lang/Object;Ljava/lang/Object;ILjava/lang/Object;II)Ljava/lang/Object;> (0x00000007088ca8d0) thrown at [t:
Event: 380.536 Thread 0x0000017f51242000 Exception <a 'java/lang/NoSuchMethodError'{0x00000007088e8b90}: method resolution failed> (0x00000007088e8b90) thrown at [t:/workspace/hotspot/src/share/vm/prims/methodHandles.cpp, line 1256]
Event: 380.822 Thread 0x0000017f51242000 Exception <a 'java/lang/NoSuchMethodError'{0x000000070b611588}: java.lang.invoke.DirectMethodHandle$Holder.invokeSpecial(Ljava/lang/Object;Ljava/lang/Object;ILjava/lang/Object;)V> (0x000000070b611588) thrown at [t:/workspace/hotspot/src/share/vm/interpret
Event: 380.822 Thread 0x0000017f51242000 Exception <a 'java/lang/NoSuchMethodError'{0x000000070b616eb0}: java.lang.invoke.DirectMethodHandle$Holder.invokeStatic(Ljava/lang/Object;Ljava/lang/Object;ILjava/lang/Object;)Ljava/lang/Object;> (0x000000070b616eb0) thrown at [t:/workspace/hotspot/src/sh
Event: 381.859 Thread 0x0000017f51242000 Implicit null exception at 0x0000017f3fc54c42 to 0x0000017f3fc54e92
Event: 433.349 Thread 0x0000017f2cc17000 Exception <a 'java/lang/NoSuchMethodError'{0x0000000707f91298}: java.lang.invoke.DirectMethodHandle$Holder.invokeSpecial(Ljava/lang/Object;Ljava/lang/Object;IILjava/lang/Object;JJ)Ljava/lang/Object;> (0x0000000707f91298) thrown at [t:/workspace/hotspot/sr
Event: 433.350 Thread 0x0000017f2cc17000 Exception <a 'java/lang/NoSuchMethodError'{0x0000000707f952c0}: java.lang.invoke.DelegatingMethodHandle$Holder.reinvoke_L(Ljava/lang/Object;IILjava/lang/Object;JJ)Ljava/lang/Object;> (0x0000000707f952c0) thrown at [t:/workspace/hotspot/src/share/vm/interp
Event: 433.351 Thread 0x0000017f2cc17000 Exception <a 'java/lang/NoSuchMethodError'{0x0000000707fbb3c0}: method resolution failed> (0x0000000707fbb3c0) thrown at [t:/workspace/hotspot/src/share/vm/prims/methodHandles.cpp, line 1256]
Event: 461.341 Thread 0x0000017f51242000 Exception <a 'java/lang/NoSuchMethodError'{0x000000070a6f9778}: method resolution failed> (0x000000070a6f9778) thrown at [t:/workspace/hotspot/src/share/vm/prims/methodHandles.cpp, line 1256]
Event: 461.342 Thread 0x0000017f51242000 Exception <a 'java/lang/NoSuchMethodError'{0x000000070a6ff8f0}: java.lang.invoke.DirectMethodHandle$Holder.invokeStatic(Ljava/lang/Object;Ljava/lang/Object;ILjava/lang/Object;I)Ljava/lang/Object;> (0x000000070a6ff8f0) thrown at [t:/workspace/hotspot/src/s

Events (10 events):
Event: 508.219 Thread 0x0000017f5581a000 Thread added: 0x0000017f5581a000
Event: 508.233 Thread 0x0000017f5581a000 Thread exited: 0x0000017f5581a000
Event: 509.221 Thread 0x0000017f5581c000 Thread added: 0x0000017f5581c000
Event: 509.235 Thread 0x0000017f5581c000 Thread exited: 0x0000017f5581c000
Event: 510.222 Thread 0x0000017f5581d800 Thread added: 0x0000017f5581d800
Event: 510.230 Thread 0x0000017f5581d800 Thread exited: 0x0000017f5581d800
Event: 511.224 Thread 0x0000017f55817800 Thread added: 0x0000017f55817800
Event: 511.238 Thread 0x0000017f55817800 Thread exited: 0x0000017f55817800
Event: 512.225 Thread 0x0000017f5581d800 Thread added: 0x0000017f5581d800
Event: 512.240 Thread 0x0000017f5581d800 Thread exited: 0x0000017f5581d800


Dynamic libraries:
0x00007ff7e5ea0000 - 0x00007ff7e5ed0000 	C:\Xilinx\Vivado\2019.1\bin\unwrapped\win64.o\vivado.exe
0x00007ffcf9850000 - 0x00007ffcf9a45000 	C:\WINDOWS\SYSTEM32\ntdll.dll
0x00007ffcf7d90000 - 0x00007ffcf7e4d000 	C:\WINDOWS\System32\KERNEL32.DLL
0x00007ffcf7130000 - 0x00007ffcf73f8000 	C:\WINDOWS\System32\KERNELBASE.dll
0x00007ffcf7400000 - 0x00007ffcf7500000 	C:\WINDOWS\System32\ucrtbase.dll
0x00007ffcdafe0000 - 0x00007ffcdaff4000 	C:\Xilinx\Vivado\2019.1\lib\win64.o\libboost_signals.dll
0x00007ffce5c70000 - 0x00007ffce5d01000 	C:\WINDOWS\SYSTEM32\MSVCP140.dll
0x00007ffce6880000 - 0x00007ffce6899000 	C:\WINDOWS\SYSTEM32\VCRUNTIME140.dll
0x00007ffcd9490000 - 0x00007ffcd94a4000 	C:\Xilinx\Vivado\2019.1\lib\win64.o\librdi_commonmain.dll
0x00007ffce6fa0000 - 0x00007ffce6fac000 	C:\WINDOWS\SYSTEM32\VCRUNTIME140_1.dll
0x00007ffc7f860000 - 0x00007ffc80742000 	C:\Xilinx\Vivado\2019.1\lib\win64.o\librdi_common.dll
0x00007ffcf91d0000 - 0x00007ffcf9370000 	C:\WINDOWS\System32\USER32.dll
0x00007ffcf6f90000 - 0x00007ffcf6fb2000 	C:\WINDOWS\System32\win32u.dll
0x00007ffcf95d0000 - 0x00007ffcf95fa000 	C:\WINDOWS\System32\GDI32.dll
0x00007ffcf6fc0000 - 0x00007ffcf70cb000 	C:\WINDOWS\System32\gdi32full.dll
0x00007ffcf7500000 - 0x00007ffcf759d000 	C:\WINDOWS\System32\msvcp_win.dll
0x00007ffcf89d0000 - 0x00007ffcf8a7c000 	C:\WINDOWS\System32\ADVAPI32.dll
0x00007ffcf88a0000 - 0x00007ffcf893e000 	C:\WINDOWS\System32\msvcrt.dll
0x00007ffcf9760000 - 0x00007ffcf97fb000 	C:\WINDOWS\System32\sechost.dll
0x00007ffcf7e50000 - 0x00007ffcf7f7b000 	C:\WINDOWS\System32\RPCRT4.dll
0x00007ffcf8a80000 - 0x00007ffcf91c2000 	C:\WINDOWS\System32\SHELL32.dll
0x00007ffcd8cb0000 - 0x00007ffcd8cd6000 	C:\Xilinx\Vivado\2019.1\lib\win64.o\libboost_filesystem.dll
0x00007ffcd9170000 - 0x00007ffcd917a000 	C:\Xilinx\Vivado\2019.1\lib\win64.o\librdi_commonversion.dll
0x00007ffcb2370000 - 0x00007ffcb2491000 	C:\Xilinx\Vivado\2019.1\lib\win64.o\librdi_commonxillic.dll
0x0000000076000000 - 0x000000007612b000 	C:\Xilinx\Vivado\2019.1\lib\win64.o\tcl85t.dll
0x00007ffcf82e0000 - 0x00007ffcf834b000 	C:\WINDOWS\System32\WS2_32.dll
0x00007ffcb2000000 - 0x00007ffcb236e000 	C:\Xilinx\Vivado\2019.1\lib\win64.o\libCOIN-all.dll
0x00007ffcd8860000 - 0x00007ffcd8874000 	C:\Xilinx\Vivado\2019.1\lib\win64.o\libboost_date_time.dll
0x00007ffcbf7a0000 - 0x00007ffcbf81f000 	C:\Xilinx\Vivado\2019.1\lib\win64.o\libboost_program_options.dll
0x00007ffcb3480000 - 0x00007ffcb3594000 	C:\Xilinx\Vivado\2019.1\lib\win64.o\libboost_regex.dll
0x00007ffcd9160000 - 0x00007ffcd916b000 	C:\Xilinx\Vivado\2019.1\lib\win64.o\libboost_system.dll
0x00007ffcd6ec0000 - 0x00007ffcd6ee1000 	C:\Xilinx\Vivado\2019.1\lib\win64.o\libboost_thread.dll
0x00007ffcd8e90000 - 0x00007ffcd8e9f000 	C:\Xilinx\Vivado\2019.1\lib\win64.o\libboost_xilinx.dll
0x00007ffcbc0e0000 - 0x00007ffcbc162000 	C:\Xilinx\Vivado\2019.1\lib\win64.o\libhdlpsolve.dll
0x00007ffcb1f50000 - 0x00007ffcb1ff5000 	C:\Xilinx\Vivado\2019.1\lib\win64.o\libhdxml.dll
0x00007ffcd57e0000 - 0x00007ffcd580e000 	C:\Xilinx\Vivado\2019.1\lib\win64.o\libisl_sysinfo.dll
0x00007ffc80e10000 - 0x00007ffc819bf400 	C:\Xilinx\Vivado\2019.1\lib\win64.o\libisl_iostreams.dll
0x00007ffcb1ee0000 - 0x00007ffcb1f45000 	C:\Xilinx\Vivado\2019.1\lib\win64.o\liblmx6.0.dll
0x00007ffcd7460000 - 0x00007ffcd747a000 	C:\Xilinx\Vivado\2019.1\lib\win64.o\pthreadVC2.dll
0x00007ffccfdc0000 - 0x00007ffccfddc000 	C:\Xilinx\Vivado\2019.1\lib\win64.o\librdiconfig.dll
0x00007ffcca1d0000 - 0x00007ffcca1f1000 	C:\Xilinx\Vivado\2019.1\lib\win64.o\librdizlib.dll
0x0000000012000000 - 0x0000000012270000 	C:\Xilinx\Vivado\2019.1\lib\win64.o\xerces-c_3_1.dll
0x00007ffce5070000 - 0x00007ffce5088000 	C:\WINDOWS\SYSTEM32\NETAPI32.dll
0x00007ffce0d10000 - 0x00007ffce11ed000 	C:\WINDOWS\SYSTEM32\WININET.dll
0x00007ffcea650000 - 0x00007ffcea75b000 	C:\WINDOWS\SYSTEM32\WINHTTP.dll
0x00007ffce8630000 - 0x00007ffce881e000 	C:\WINDOWS\SYSTEM32\urlmon.dll
0x00007ffce5040000 - 0x00007ffce5049000 	C:\WINDOWS\SYSTEM32\WSOCK32.dll
0x00007ffcc4db0000 - 0x00007ffcc4ddd000 	C:\WINDOWS\SYSTEM32\VCOMP140.DLL
0x00007ffca7020000 - 0x00007ffca72f8000 	C:\Xilinx\Vivado\2019.1\lib\win64.o\libXil_lmgr11.dll
0x00007ffcf7bc0000 - 0x00007ffcf7c9a000 	C:\WINDOWS\System32\COMDLG32.dll
0x00007ffcf7f80000 - 0x00007ffcf82d5000 	C:\WINDOWS\System32\combase.dll
0x00007ffcf7aa0000 - 0x00007ffcf7b4e000 	C:\WINDOWS\System32\shcore.dll
0x00007ffcf7ca0000 - 0x00007ffcf7cf5000 	C:\WINDOWS\System32\SHLWAPI.dll
0x00007ffc7e9c0000 - 0x00007ffc7f851000 	C:\Xilinx\Vivado\2019.1\lib\win64.o\gurobi65.dll
0x00007ffcf79d0000 - 0x00007ffcf7a9d000 	C:\WINDOWS\System32\OLEAUT32.dll
0x00007ffcf9600000 - 0x00007ffcf972a000 	C:\WINDOWS\System32\ole32.dll
0x00007ffcf70d0000 - 0x00007ffcf7130000 	C:\WINDOWS\System32\WINTRUST.dll
0x00007ffcf75a0000 - 0x00007ffcf76ff000 	C:\WINDOWS\System32\CRYPT32.dll
0x00007ffcd7aa0000 - 0x00007ffcd7aad000 	C:\Xilinx\Vivado\2019.1\lib\win64.o\libboost_chrono.dll
0x00007ffcc5050000 - 0x00007ffcc506b000 	C:\Xilinx\Vivado\2019.1\lib\win64.o\libboost_iostreams.dll
0x00007ffcc1a60000 - 0x00007ffcc1a85000 	C:\Xilinx\Vivado\2019.1\lib\win64.o\libisl_iosutils.dll
0x00007ffce8330000 - 0x00007ffce85e0000 	C:\WINDOWS\SYSTEM32\iertutil.dll
0x00007ffce55b0000 - 0x00007ffce5660000 	C:\WINDOWS\WinSxS\amd64_microsoft.windows.common-controls_6595b64144ccf1df_5.82.19041.844_none_423537bff6b9828c\COMCTL32.dll
0x00007ffced090000 - 0x00007ffced0ad000 	C:\WINDOWS\SYSTEM32\dhcpcsvc.DLL
0x00007ffcf64e0000 - 0x00007ffcf64ec000 	C:\WINDOWS\SYSTEM32\NETUTILS.DLL
0x00007ffcf9730000 - 0x00007ffcf9760000 	C:\WINDOWS\System32\IMM32.DLL
0x00007ffcf6b10000 - 0x00007ffcf6b22000 	C:\WINDOWS\SYSTEM32\MSASN1.dll
0x00007ffcf5790000 - 0x00007ffcf57a2000 	C:\WINDOWS\SYSTEM32\kernel.appcore.dll
0x00007ffc7e4a0000 - 0x00007ffc7e9b7000 	C:\Xilinx\Vivado\2019.1\lib\win64.o\librdi_commontasks.dll
0x00007ffcf6b40000 - 0x00007ffcf6b4a000 	C:\WINDOWS\SYSTEM32\VERSION.dll
0x00007ffc80b80000 - 0x00007ffc80e06000 	C:\Xilinx\Vivado\2019.1\lib\win64.o\librdi_sio.dll
0x00007ffcf6380000 - 0x00007ffcf63bb000 	C:\WINDOWS\SYSTEM32\IPHLPAPI.DLL
0x00000000755d0000 - 0x0000000075ff5000 	C:\Xilinx\Vivado\2019.1\tps\win64\jre9.0.4\bin\server\jvm.dll
0x00007ffcf7bb0000 - 0x00007ffcf7bb8000 	C:\WINDOWS\System32\PSAPI.DLL
0x00007ffce7460000 - 0x00007ffce7487000 	C:\WINDOWS\SYSTEM32\WINMM.dll
0x00007ffcf6700000 - 0x00007ffcf676a000 	C:\WINDOWS\SYSTEM32\MSWSOCK.DLL
0x00007ffcb1df0000 - 0x00007ffcb1edf000 	C:\WINDOWS\SYSTEM32\MSVCR120.dll
0x00007ffcf4e00000 - 0x00007ffcf5591000 	C:\WINDOWS\SYSTEM32\windows.storage.dll
0x00007ffcf6990000 - 0x00007ffcf69bc000 	C:\WINDOWS\SYSTEM32\Wldp.dll
0x00007ffc7bfe0000 - 0x00007ffc7e49c000 	C:\Xilinx\Vivado\2019.1\lib\win64.o\librdi_tcltasks.dll
0x00007ffc7bbd0000 - 0x00007ffc7bfd8000 	C:\Xilinx\Vivado\2019.1\lib\win64.o\librdi_bitstream.dll
0x00007ffcae010000 - 0x00007ffcae1a1000 	C:\Xilinx\Vivado\2019.1\lib\win64.o\librdi_board.dll
0x00007ffcb1980000 - 0x00007ffcb19f8000 	C:\Xilinx\Vivado\2019.1\lib\win64.o\librdi_boarddep.dll
0x00007ffcaf620000 - 0x00007ffcaf70b000 	C:\Xilinx\Vivado\2019.1\lib\win64.o\librdi_chipscope.dll
0x00007ffc7ba10000 - 0x00007ffc7bbcd000 	C:\Xilinx\Vivado\2019.1\lib\win64.o\librdi_chipscopeimpl.dll
0x00007ffc7b8b0000 - 0x00007ffc7ba06000 	C:\Xilinx\Vivado\2019.1\lib\win64.o\librdi_containers.dll
0x00007ffc79ec0000 - 0x00007ffc7b8aa000 	C:\Xilinx\Vivado\2019.1\lib\win64.o\librdi_constraints.dll
0x00007ffc78000000 - 0x00007ffc79eb1000 	C:\Xilinx\Vivado\2019.1\lib\win64.o\librdi_coregen.dll
0x00007ffc77920000 - 0x00007ffc77ffa000 	C:\Xilinx\Vivado\2019.1\lib\win64.o\librdi_coregenipxact.dll
0x00007ffc738d0000 - 0x00007ffc77913000 	C:\Xilinx\Vivado\2019.1\lib\win64.o\librdi_designutils.dll
0x00007ffc735b0000 - 0x00007ffc738ce000 	C:\Xilinx\Vivado\2019.1\lib\win64.o\librdi_dlyest.dll
0x00007ffc73010000 - 0x00007ffc735aa000 	C:\Xilinx\Vivado\2019.1\lib\win64.o\librdi_drc.dll
0x00007ffcae520000 - 0x00007ffcae5e4000 	C:\Xilinx\Vivado\2019.1\lib\win64.o\librdi_dsp.dll
0x00007ffc60590000 - 0x00007ffc60bdd000 	C:\Xilinx\Vivado\2019.1\lib\win64.o\librdi_filemgmt.dll
0x00007ffc602a0000 - 0x00007ffc60583000 	C:\Xilinx\Vivado\2019.1\lib\win64.o\librdi_guitools.dll
0x00007ffcafd70000 - 0x00007ffcafdd5000 	C:\Xilinx\Vivado\2019.1\lib\win64.o\librdi_hdf.dll
0x00007ffc60be0000 - 0x00007ffc7300c000 	C:\Xilinx\Vivado\2019.1\lib\win64.o\librdi_device.dll
0x00007ffcaf5a0000 - 0x00007ffcaf613000 	C:\Xilinx\Vivado\2019.1\lib\win64.o\librdi_memoryarray.dll
0x00007ffc5e6c0000 - 0x00007ffc5fc80000 	C:\Xilinx\Vivado\2019.1\lib\win64.o\librdi_implflow.dll
0x00007ffc5fc80000 - 0x00007ffc60295000 	C:\Xilinx\Vivado\2019.1\lib\win64.o\librdi_memdata.dll
0x00007ffc5b320000 - 0x00007ffc5b9c2000 	C:\Xilinx\Vivado\2019.1\lib\win64.o\librdi_netlist.dll
0x00007ffc5b9d0000 - 0x00007ffc5e6b6000 	C:\Xilinx\Vivado\2019.1\lib\win64.o\librdi_mig.dll
0x00007ffcbadc0000 - 0x00007ffcbae0b000 	C:\Xilinx\Vivado\2019.1\lib\win64.o\librdi_pfi.dll
0x00007ffc58990000 - 0x00007ffc58c9f000 	C:\Xilinx\Vivado\2019.1\lib\win64.o\librdi_platform.dll
0x00007ffc58ca0000 - 0x00007ffc5b316000 	C:\Xilinx\Vivado\2019.1\lib\win64.o\librdi_place.dll
0x00007ffc57cc0000 - 0x00007ffc5823f000 	C:\Xilinx\Vivado\2019.1\lib\win64.o\librdi_project.dll
0x00007ffc58240000 - 0x00007ffc5898a000 	C:\Xilinx\Vivado\2019.1\lib\win64.o\librdi_power.dll
0x00007ffc575b0000 - 0x00007ffc57cb9000 	C:\Xilinx\Vivado\2019.1\lib\win64.o\librdi_psta.dll
0x00007ffc56ea0000 - 0x00007ffc575a6000 	C:\Xilinx\Vivado\2019.1\lib\win64.o\librdi_rsb.dll
0x00007ffc56aa0000 - 0x00007ffc56e91000 	C:\Xilinx\Vivado\2019.1\lib\win64.o\librdi_runs.dll
0x00007ffcabe10000 - 0x00007ffcabf0a000 	C:\Xilinx\Vivado\2019.1\lib\win64.o\librdi_runsbase.dll
0x00007ffc56840000 - 0x00007ffc56a96000 	C:\Xilinx\Vivado\2019.1\lib\win64.o\librdi_simdata.dll
0x00007ffc55a20000 - 0x00007ffc56831000 	C:\Xilinx\Vivado\2019.1\lib\win64.o\librdi_timing.dll
0x00007ffc558a0000 - 0x00007ffc55a12000 	C:\Xilinx\Vivado\2019.1\lib\win64.o\librdi_advchipscopeimpl.dll
0x00007ffcb05a0000 - 0x00007ffcb05ec000 	C:\Xilinx\Vivado\2019.1\lib\win64.o\libboost_serialization.dll
0x00007ffc55700000 - 0x00007ffc5589f000 	C:\Xilinx\Vivado\2019.1\lib\win64.o\librdi_hip_devdesign.dll
0x00007ffcadf40000 - 0x00007ffcae002000 	C:\Xilinx\Vivado\2019.1\lib\win64.o\librdi_ipconfig_readwrite.dll
0x00007ffcacf50000 - 0x00007ffcacf93000 	C:\Xilinx\Vivado\2019.1\lib\win64.o\librdi_noc_frameworks.dll
0x00007ffcac870000 - 0x00007ffcac90e000 	C:\Xilinx\Vivado\2019.1\lib\win64.o\libise.dll
0x00007ffc54bb0000 - 0x00007ffc556f7000 	C:\Xilinx\Vivado\2019.1\lib\win64.o\libverific.dll
0x00007ffc547c0000 - 0x00007ffc54ba5000 	C:\Xilinx\Vivado\2019.1\lib\win64.o\librdi_hip_config.dll
0x00007ffc54270000 - 0x00007ffc547be000 	C:\Xilinx\Vivado\2019.1\lib\win64.o\librdi_xdm.dll
0x00007ffc53c70000 - 0x00007ffc5426c000 	C:\Xilinx\Vivado\2019.1\lib\win64.o\librdi_wavedata.dll
0x00007ffcc14b0000 - 0x00007ffcc14f0000 	C:\Xilinx\Vivado\2019.1\lib\win64.o\librdi_wavedata_SimpleApi.dll
0x00007ffcc1350000 - 0x00007ffcc138f000 	C:\Xilinx\Vivado\2019.1\lib\win64.o\librdi_schedmon.dll
0x00007ffc52ae0000 - 0x00007ffc53c6d000 	C:\Xilinx\Vivado\2019.1\lib\win64.o\librdi_route.dll
0x00007ffcacec0000 - 0x00007ffcacf48000 	C:\Xilinx\Vivado\2019.1\lib\win64.o\librdi_meir_core.dll
0x00007ffc508b0000 - 0x00007ffc50b09000 	C:\Xilinx\Vivado\2019.1\lib\win64.o\librdi_hsm.dll

VM Arguments:
jvm_args: -Dsun.java2d.pmoffscreen=false -Dsun.java2d.xrender=false -Dsun.java2d.d3d=false -Dsun.awt.nopixfmt=true -Dsun.java2d.dpiaware=true -Dsun.java2d.uiScale.enabled=false -Xverify:none -Dswing.aatext=true -XX:-UsePerfData -Djdk.map.althashing.threshold=512 -XX:StringTableSize=4072 --add-opens=java.base/java.nio=ALL-UNNAMED --add-opens=java.desktop/sun.swing=ALL-UNNAMED --add-opens=java.desktop/javax.swing=ALL-UNNAMED --add-opens=java.desktop/javax.swing.tree=ALL-UNNAMED --add-opens=java.desktop/javax.swing.plaf.basic=ALL-UNNAMED --add-opens=java.desktop/javax.swing.plaf.synth=ALL-UNNAMED --add-opens=java.desktop/com.sun.awt=ALL-UNNAMED -XX:NewSize=60m -XX:MaxNewSize=60m -Xms128m -Xmx3072m -Xss5m 
java_command: <unknown>
java_class_path (initial): C:/Xilinx/Vivado/2019.1\lib\classes\alloy.jar;C:/Xilinx/Vivado/2019.1\lib\classes\autopilot.scelaborator.jar;C:/Xilinx/Vivado/2019.1\lib\classes\autopilot.sourceprocessor.jar;C:/Xilinx/Vivado/2019.1\lib\classes\autopilot.tbprocessor.jar;C:/Xilinx/Vivado/2019.1\lib\classes\batik-anim.jar;C:/Xilinx/Vivado/2019.1\lib\classes\batik-awt-util.jar;C:/Xilinx/Vivado/2019.1\lib\classes\batik-bridge.jar;C:/Xilinx/Vivado/2019.1\lib\classes\batik-codec.jar;C:/Xilinx/Vivado/2019.1\lib\classes\batik-css.jar;C:/Xilinx/Vivado/2019.1\lib\classes\batik-dom.jar;C:/Xilinx/Vivado/2019.1\lib\classes\batik-ext.jar;C:/Xilinx/Vivado/2019.1\lib\classes\batik-gui-util.jar;C:/Xilinx/Vivado/2019.1\lib\classes\batik-gvt.jar;C:/Xilinx/Vivado/2019.1\lib\classes\batik-parser.jar;C:/Xilinx/Vivado/2019.1\lib\classes\batik-script.jar;C:/Xilinx/Vivado/2019.1\lib\classes\batik-svg-dom.jar;C:/Xilinx/Vivado/2019.1\lib\classes\batik-swing.jar;C:/Xilinx/Vivado/2019.1\lib\classes\batik-transcoder.jar;C:/Xilinx/Vivado/2019.1\lib\classes\batik-util.jar;C:/Xilinx/Vivado/2019.1\lib\classes\batik-xml.jar;C:/Xilinx/Vivado/2019.1\lib\classes\com.google.gson_2.7.0.v20170129-0911.jar;C:/Xilinx/Vivado/2019.1\lib\classes\com.google.guava_21.0.0.v20170206-1425.jar;C:/Xilinx/Vivado/2019.1\lib\classes\com.google.inject_3.0.0.v201605172100.jar;C:/Xilinx/Vivado/2019.1\lib\classes\com.ibm.icu_4.4.2.v20110208.jar;C:/Xilinx/Vivado/2019.1\lib\classes\com.sigasi.hdt.annotations.runtime_4.3.0.201903071210.jar;C:/Xilinx/Vivado/2019.1\lib\classes\com.sigasi.hdt.blockdiagram.model_4.3.0.201903071210.jar;C:/Xilinx/Vivado/2019.1\lib\classes\com.sigasi.hdt.connection_4.3.0.201903071210.jar;C:/Xilinx/Vivado/2019.1\lib\classes\com.sigasi.hdt.dependencies.model_4.3.0.201903071210.jar;C:/Xilinx/Vivado/2019.1\lib\classes\com.sigasi.hdt.epl_4.3.0.201903071210.jar;C:/Xilinx/Vivado/2019.1\lib\classes\com.sigasi.hdt.graphics.model_4.3.0.201903071210.jar;C:/Xilinx/Vivado/2019.1\lib\classes\com.sigasi.hdt.project_4.3.0
Launcher Type: generic

Logging:
Log output configuration:
#0: stdout all=warning uptime,level,tags
#1: stderr all=off uptime,level,tags

Environment Variables:
JAVA_HOME=C:\JAVA\jdk-8u201-windows-x64
PATH=C:/Xilinx/Vivado/2019.1/bin;C:/Xilinx/Vivado/2019.1/lib/win64.o;C:/Xilinx/Vivado/2019.1/tps/win64/jre9.0.4/bin/server;C:/Xilinx/Vivado/2019.1/tps/win64/jre9.0.4/bin;C:/Xilinx/SDK/2019.1/bin;C:/Xilinx/Vivado/2019.1/ids_lite/ISE/bin/nt64;C:/Xilinx/Vivado/2019.1/ids_lite/ISE/lib/nt64;C:\Program Files (x86)\NetSarang\Xftp 6\;C:\Program Files (x86)\NetSarang\Xshell 6\;C:\Program Files (x86)\Common Files\Oracle\Java\javapath;¡±C:\JAVA\jdk-8u201-windows-x64\bin;;C:\Program Files (x86)\Intel\iCLS Client\;C:\Program Files\Intel\iCLS Client\;C:\Windows\system32;C:\Windows;C:\Windows\System32\Wbem;C:\Windows\System32\WindowsPowerShell\v1.0\;C:\Program Files (x86)\Intel\Intel(R) Management Engine Components\DAL;C:\Program Files\Intel\Intel(R) Management Engine Components\DAL;C:\Program Files (x86)\Intel\Intel(R) Management Engine Components\IPT;C:\Program Files\Intel\Intel(R) Management Engine Components\IPT;C:\Program Files (x86)\NVIDIA Corporation\PhysX\Common;C:\WINDOWS\System32\OpenSSH\;C:\Text\x86_64-8.1.0-release-posix-seh-rt_v6-rev01\mingw64\bin;C:\Program Files\Intel\WiFi\bin\;C:\Program Files\Common Files\Intel\WirelessCommon\;C:\Users\ÂÀÈð\AppData\Local\Programs\Python;C;\Program Files\MATLAB\R2019a\bin;C:\Text\x86_64-8.1.0-release-posix-seh-rt_v6-rev01\mingw64\bin\gdb;C:\Program Files\Git\cmd;C:\Program Files\Pandoc\;C:\Users\ÂÀÈð\AppData\Local\Programs\Python\Python37\Lib\site-packages\django;C:\Users\ÂÀÈð\AppData\Local\Programs\Python\Python37\Scripts;C:\Program Files\nodejs\;C:\ProgramData\chocolatey\bin;C:\Users\ÂÀÈð\AppData\Local\Programs\Microsoft VS Code;C:\Program Files\MongoDB\Server\4.4\bin;C:\texlive\2020\bin\win32;D:\mysql-8.0.23-winx64\bin;C:\Anaconda;C:\Anaconda\Library\mingw-w64\bin;C:\Anaconda\Library\usr\bin;C:\Anaconda\Library\bin;C:\Anaconda\Scripts;\Users\ÂÀÈð\AppData\Local\Programs\Python\Python37\;%;SERPROFILE%\AppData\Local\Microsoft\WindowsApps;C:\Users\ÂÀÈð\AppData\Local\Programs\Microsoft VS Code\bin;yCharm%;C:\Users\ÂÀÈð\AppData\Local\Mic
USERNAME=ÂÀÈð
OS=Windows_NT
PROCESSOR_IDENTIFIER=Intel64 Family 6 Model 142 Stepping 10, GenuineIntel



---------------  S Y S T E M  ---------------

OS: Windows 10 , 64 bit Build 19041 (10.0.19041.928)

CPU:total 8 (initial active 8) (4 cores per cpu, 2 threads per core) family 6 model 142 stepping 10, cmov, cx8, fxsr, mmx, sse, sse2, sse3, ssse3, sse4.1, sse4.2, popcnt, avx, avx2, aes, clmul, erms, 3dnowpref, lzcnt, ht, tsc, tscinvbit, bmi1, bmi2, adx, fma

Memory: 4k page, physical 8269924k(1599372k free), swap 17161280k(6282920k free)

vm_info: Java HotSpot(TM) 64-Bit Server VM (9.0.4+11) for windows-amd64 JRE (9.0.4+11), built on Dec 20 2017 02:18:54 by "mach5one" with MS VC++ 12.0 (VS2013)

END.
